#
# A fatal error has been detected by the Java Runtime Environment:
#
# java.lang.OutOfMemoryError: Cannot create GC thread. Out of system resources.
#
#  Internal Error (gcTaskThread.cpp:38), pid=23386, tid=139764654929664
#  Error: Cannot create GC thread. Out of system resources.
#
# JRE version: 6.0_17-b04
# Java VM: Java HotSpot(TM) 64-Bit Server VM (14.3-b01 mixed mode linux-amd64 )
# If you would like to submit a bug report, please visit:
#   http://java.sun.com/webapps/bugreport/crash.jsp
#

---------------  T H R E A D  ---------------

Current thread (0x00007f1d7008d000):  JavaThread "Unknown thread" [_thread_in_vm, id=23453, stack(0x00007f1d7dfbf000,0x00007f1d7e9c0000)]

Stack: [0x00007f1d7dfbf000,0x00007f1d7e9c0000],  sp=0x00007f1d7e9bdc60,  free space=10235k
Native frames: (J=compiled Java code, j=interpreted, Vv=VM code, C=native code)
V  [libjvm.so+0x6bd1ef]
V  [libjvm.so+0x2be6c8]
V  [libjvm.so+0x33a2fd]
V  [libjvm.so+0x338e3e]
V  [libjvm.so+0x338bd3]
V  [libjvm.so+0x5a87c7]
V  [libjvm.so+0x697695]
V  [libjvm.so+0x69732a]
V  [libjvm.so+0x377cd0]
V  [libjvm.so+0x67f5af]
V  [libjvm.so+0x3def30]
C  [libmwjmi.so+0x37cd0]  _Z9InitSunVMv+0xa20
C  [libmwjmi.so+0x3883e]
C  [libmwjmi.so+0x26879]  _Z7mljInitv+0x19
C  [libmwmcr.so+0x3db2a]
C  [libmwmcr.so+0x305bf]
C  [libmwmcr.so+0x30d6f]


---------------  P R O C E S S  ---------------

Java Threads: ( => current thread )

Other Threads:

=>0x00007f1d7008d000 (exited) JavaThread "Unknown thread" [_thread_in_vm, id=23453, stack(0x00007f1d7dfbf000,0x00007f1d7e9c0000)]

VM state:not at safepoint (not fully initialized)

VM Mutex/Monitor currently owned by a thread: None

Dynamic libraries:
00400000-00403000 r-xp 00000000 08:03 18747267                           /nerc/packages/matlab/2011a/bin/glnxa64/MATLAB
00603000-00604000 rw-p 00003000 08:03 18747267                           /nerc/packages/matlab/2011a/bin/glnxa64/MATLAB
013de000-014e5000 rw-p 00000000 00:00 0                                  [heap]
39f4800000-39f4820000 r-xp 00000000 08:02 3680655                        /lib64/ld-2.12.so
39f4a1f000-39f4a20000 r--p 0001f000 08:02 3680655                        /lib64/ld-2.12.so
39f4a20000-39f4a21000 rw-p 00020000 08:02 3680655                        /lib64/ld-2.12.so
39f4a21000-39f4a22000 rw-p 00000000 00:00 0 
39f4c00000-39f4d8a000 r-xp 00000000 08:02 3692140                        /lib64/libc-2.12.so
39f4d8a000-39f4f8a000 ---p 0018a000 08:02 3692140                        /lib64/libc-2.12.so
39f4f8a000-39f4f8e000 r--p 0018a000 08:02 3692140                        /lib64/libc-2.12.so
39f4f8e000-39f4f8f000 rw-p 0018e000 08:02 3692140                        /lib64/libc-2.12.so
39f4f8f000-39f4f94000 rw-p 00000000 00:00 0 
39f5000000-39f5017000 r-xp 00000000 08:02 3692187                        /lib64/libpthread-2.12.so
39f5017000-39f5217000 ---p 00017000 08:02 3692187                        /lib64/libpthread-2.12.so
39f5217000-39f5218000 r--p 00017000 08:02 3692187                        /lib64/libpthread-2.12.so
39f5218000-39f5219000 rw-p 00018000 08:02 3692187                        /lib64/libpthread-2.12.so
39f5219000-39f521d000 rw-p 00000000 00:00 0 
39f5400000-39f5402000 r-xp 00000000 08:02 3671426                        /lib64/libdl-2.12.so
39f5402000-39f5602000 ---p 00002000 08:02 3671426                        /lib64/libdl-2.12.so
39f5602000-39f5603000 r--p 00002000 08:02 3671426                        /lib64/libdl-2.12.so
39f5603000-39f5604000 rw-p 00003000 08:02 3671426                        /lib64/libdl-2.12.so
39f5800000-39f5883000 r-xp 00000000 08:02 3692183                        /lib64/libm-2.12.so
39f5883000-39f5a82000 ---p 00083000 08:02 3692183                        /lib64/libm-2.12.so
39f5a82000-39f5a83000 r--p 00082000 08:02 3692183                        /lib64/libm-2.12.so
39f5a83000-39f5a84000 rw-p 00083000 08:02 3692183                        /lib64/libm-2.12.so
39f5c00000-39f5c15000 r-xp 00000000 08:02 3692184                        /lib64/libz.so.1.2.3
39f5c15000-39f5e14000 ---p 00015000 08:02 3692184                        /lib64/libz.so.1.2.3
39f5e14000-39f5e15000 r--p 00014000 08:02 3692184                        /lib64/libz.so.1.2.3
39f5e15000-39f5e16000 rw-p 00015000 08:02 3692184                        /lib64/libz.so.1.2.3
39f6000000-39f6007000 r-xp 00000000 08:02 3692197                        /lib64/librt-2.12.so
39f6007000-39f6206000 ---p 00007000 08:02 3692197                        /lib64/librt-2.12.so
39f6206000-39f6207000 r--p 00006000 08:02 3692197                        /lib64/librt-2.12.so
39f6207000-39f6208000 rw-p 00007000 08:02 3692197                        /lib64/librt-2.12.so
39f6600000-39f6608000 r-xp 00000000 08:02 3153629                        /usr/lib64/libXp.so.6.2.0
39f6608000-39f6807000 ---p 00008000 08:02 3153629                        /usr/lib64/libXp.so.6.2.0
39f6807000-39f6808000 rw-p 00007000 08:02 3153629                        /usr/lib64/libXp.so.6.2.0
39f7c00000-39f7d37000 r-xp 00000000 08:02 3172193                        /usr/lib64/libX11.so.6.3.0
39f7d37000-39f7f37000 ---p 00137000 08:02 3172193                        /usr/lib64/libX11.so.6.3.0
39f7f37000-39f7f3d000 rw-p 00137000 08:02 3172193                        /usr/lib64/libX11.so.6.3.0
39f8000000-39f8002000 r-xp 00000000 08:02 3146424                        /usr/lib64/libXau.so.6.0.0
39f8002000-39f8202000 ---p 00002000 08:02 3146424                        /usr/lib64/libXau.so.6.0.0
39f8202000-39f8203000 rw-p 00002000 08:02 3146424                        /usr/lib64/libXau.so.6.0.0
39f8400000-39f841e000 r-xp 00000000 08:02 3172192                        /usr/lib64/libxcb.so.1.1.0
39f841e000-39f861d000 ---p 0001e000 08:02 3172192                        /usr/lib64/libxcb.so.1.1.0
39f861d000-39f861e000 rw-p 0001d000 08:02 3172192                        /usr/lib64/libxcb.so.1.1.0
39f8c00000-39f8c11000 r-xp 00000000 08:02 3172194                        /usr/lib64/libXext.so.6.4.0
39f8c11000-39f8e11000 ---p 00011000 08:02 3172194                        /usr/lib64/libXext.so.6.4.0
39f8e11000-39f8e12000 rw-p 00011000 08:02 3172194                        /usr/lib64/libXext.so.6.4.0
39fa400000-39fa409000 r-xp 00000000 08:02 3172198                        /usr/lib64/libXrender.so.1.3.0
39fa409000-39fa608000 ---p 00009000 08:02 3172198                        /usr/lib64/libXrender.so.1.3.0
39fa608000-39fa609000 rw-p 00008000 08:02 3172198                        /usr/lib64/libXrender.so.1.3.0
39fac00000-39fac05000 r-xp 00000000 08:02 3172200                        /usr/lib64/libXfixes.so.3.1.0
39fac05000-39fae04000 ---p 00005000 08:02 3172200                        /usr/lib64/libXfixes.so.3.1.0
39fae04000-39fae05000 rw-p 00004000 08:02 3172200                        /usr/lib64/libXfixes.so.3.1.0
39fb000000-39fb004000 r-xp 00000000 08:02 3670233                        /lib64/libuuid.so.1.3.0
39fb004000-39fb203000 ---p 00004000 08:02 3670233                        /lib64/libuuid.so.1.3.0
39fb203000-39fb204000 rw-p 00003000 08:02 3670233                        /lib64/libuuid.so.1.3.0
39fb400000-39fb409000 r-xp 00000000 08:02 3172201                        /usr/lib64/libXcursor.so.1.0.2
39fb409000-39fb609000 ---p 00009000 08:02 3172201                        /usr/lib64/libXcursor.so.1.0.2
39fb609000-39fb60a000 rw-p 00009000 08:02 3172201                        /usr/lib64/libXcursor.so.1.0.2
39fb800000-39fb802000 r-xp 00000000 08:02 3172202                        /usr/lib64/libXinerama.so.1.0.0
39fb802000-39fba01000 ---p 00002000 08:02 3172202                        /usr/lib64/libXinerama.so.1.0.0
39fba01000-39fba02000 rw-p 00001000 08:02 3172202                        /usr/lib64/libXinerama.so.1.0.0
39fc800000-39fc822000 r-xp 00000000 08:02 3692223                        /lib64/libncurses.so.5.7
39fc822000-39fca21000 ---p 00022000 08:02 3692223                        /lib64/libncurses.so.5.7
39fca21000-39fca22000 rw-p 00021000 08:02 3692223                        /lib64/libncurses.so.5.7
39fd800000-39fd817000 r-xp 00000000 08:02 3172195                        /usr/lib64/libICE.so.6.3.0
39fd817000-39fda17000 ---p 00017000 08:02 3172195                        /usr/lib64/libICE.so.6.3.0
39fda17000-39fda18000 rw-p 00017000 08:02 3172195                        /usr/lib64/libICE.so.6.3.0
39fda18000-39fda1c000 rw-p 00000000 00:00 0 
39fdc00000-39fdc07000 r-xp 00000000 08:02 3172196                        /usr/lib64/libSM.so.6.0.1
39fdc07000-39fde07000 ---p 00007000 08:02 3172196                        /usr/lib64/libSM.so.6.0.1
39fde07000-39fde08000 rw-p 00007000 08:02 3172196                        /usr/lib64/libSM.so.6.0.1
39fe400000-39fe41d000 r-xp 00000000 08:02 3692222                        /lib64/libtinfo.so.5.7
39fe41d000-39fe61c000 ---p 0001d000 08:02 3692222                        /lib64/libtinfo.so.5.7
39fe61c000-39fe620000 rw-p 0001c000 08:02 3692222                        /lib64/libtinfo.so.5.7
39fe620000-39fe621000 rw-p 00000000 00:00 0 
3a02000000-3a02011000 r-xp 00000000 08:02 3157337                        /usr/lib64/libXpm.so.4.11.0
3a02011000-3a02210000 ---p 00011000 08:02 3157337                        /usr/lib64/libXpm.so.4.11.0
3a02210000-3a02211000 rw-p 00010000 08:02 3157337                        /usr/lib64/libXpm.so.4.11.0
3a03a00000-3a03a02000 r-xp 00000000 08:02 3692211                        /lib64/libfreebl3.so
3a03a02000-3a03c01000 ---p 00002000 08:02 3692211                        /lib64/libfreebl3.so
3a03c01000-3a03c02000 r--p 00001000 08:02 3692211                        /lib64/libfreebl3.so
3a03c02000-3a03c03000 rw-p 00002000 08:02 3692211                        /lib64/libfreebl3.so
3a03e00000-3a03e07000 r-xp 00000000 08:02 3692212                        /lib64/libcrypt-2.12.so
3a03e07000-3a04007000 ---p 00007000 08:02 3692212                        /lib64/libcrypt-2.12.so
3a04007000-3a04008000 r--p 00007000 08:02 3692212                        /lib64/libcrypt-2.12.so
3a04008000-3a04009000 rw-p 00008000 08:02 3692212                        /lib64/libcrypt-2.12.so
3a04009000-3a04037000 rw-p 00000000 00:00 0 
3a04a00000-3a04a16000 r-xp 00000000 08:02 3670162                        /lib64/libnsl-2.12.so
3a04a16000-3a04c15000 ---p 00016000 08:02 3670162                        /lib64/libnsl-2.12.so
3a04c15000-3a04c16000 r--p 00015000 08:02 3670162                        /lib64/libnsl-2.12.so
3a04c16000-3a04c17000 rw-p 00016000 08:02 3670162                        /lib64/libnsl-2.12.so
3a04c17000-3a04c19000 rw-p 00000000 00:00 0 
3a09a00000-3a09a5f000 r-xp 00000000 08:02 3172197                        /usr/lib64/libXt.so.6.0.0
3a09a5f000-3a09c5e000 ---p 0005f000 08:02 3172197                        /usr/lib64/libXt.so.6.0.0
3a09c5e000-3a09c64000 rw-p 0005e000 08:02 3172197                        /usr/lib64/libXt.so.6.0.0
3a09c64000-3a09c65000 rw-p 00000000 00:00 0 
7f1d24000000-7f1d24021000 rw-p 00000000 00:00 0 
7f1d24021000-7f1d28000000 ---p 00000000 00:00 0 
7f1d28000000-7f1d28021000 rw-p 00000000 00:00 0 
7f1d28021000-7f1d2c000000 ---p 00000000 00:00 0 
7f1d2c000000-7f1d2c021000 rw-p 00000000 00:00 0 
7f1d2c021000-7f1d30000000 ---p 00000000 00:00 0 
7f1d30000000-7f1d30021000 rw-p 00000000 00:00 0 
7f1d30021000-7f1d34000000 ---p 00000000 00:00 0 
7f1d34000000-7f1d34021000 rw-p 00000000 00:00 0 
7f1d34021000-7f1d38000000 ---p 00000000 00:00 0 
7f1d38000000-7f1d38021000 rw-p 00000000 00:00 0 
7f1d38021000-7f1d3c000000 ---p 00000000 00:00 0 
7f1d3c000000-7f1d3c021000 rw-p 00000000 00:00 0 
7f1d3c021000-7f1d40000000 ---p 00000000 00:00 0 
7f1d40000000-7f1d40021000 rw-p 00000000 00:00 0 
7f1d40021000-7f1d44000000 ---p 00000000 00:00 0 
7f1d44000000-7f1d44021000 rw-p 00000000 00:00 0 
7f1d44021000-7f1d48000000 ---p 00000000 00:00 0 
7f1d48000000-7f1d48021000 rw-p 00000000 00:00 0 
7f1d48021000-7f1d4c000000 ---p 00000000 00:00 0 
7f1d4c000000-7f1d4c021000 rw-p 00000000 00:00 0 
7f1d4c021000-7f1d50000000 ---p 00000000 00:00 0 
7f1d50c00000-7f1d520c0000 rwxp 00000000 00:00 0 
7f1d520c0000-7f1d58c00000 rwxp 00000000 00:00 0 
7f1d58c00000-7f1d5bc00000 rwxp 00000000 00:00 0 
7f1d5bc00000-7f1d61f00000 rwxp 00000000 00:00 0 
7f1d61f00000-7f1d62f00000 rwxp 00000000 00:00 0 
7f1d62f00000-7f1d65000000 rwxp 00000000 00:00 0 
7f1d65000000-7f1d65270000 rwxp 00000000 00:00 0 
7f1d65270000-7f1d68000000 rwxp 00000000 00:00 0 
7f1d68000000-7f1d68021000 rw-p 00000000 00:00 0 
7f1d68021000-7f1d6c000000 ---p 00000000 00:00 0 
7f1d6dfe0000-7f1d6dfe1000 ---p 00000000 00:00 0 
7f1d6dfe1000-7f1d6e0e1000 rwxp 00000000 00:00 0 
7f1d6e0e1000-7f1d6e0e2000 ---p 00000000 00:00 0 
7f1d6e0e2000-7f1d6e1e2000 rwxp 00000000 00:00 0 
7f1d6e1e2000-7f1d6e1e3000 ---p 00000000 00:00 0 
7f1d6e1e3000-7f1d6e2e3000 rwxp 00000000 00:00 0 
7f1d6e2e3000-7f1d6e2e4000 ---p 00000000 00:00 0 
7f1d6e2e4000-7f1d6e3e4000 rwxp 00000000 00:00 0 
7f1d6e3e4000-7f1d6e3e5000 ---p 00000000 00:00 0 
7f1d6e3e5000-7f1d6e4e5000 rwxp 00000000 00:00 0 
7f1d6e4e5000-7f1d6e4e6000 ---p 00000000 00:00 0 
7f1d6e4e6000-7f1d6e5e6000 rwxp 00000000 00:00 0 
7f1d6e5e6000-7f1d6e5e7000 ---p 00000000 00:00 0 
7f1d6e5e7000-7f1d6e6e7000 rwxp 00000000 00:00 0 
7f1d6e6e7000-7f1d6e6e8000 ---p 00000000 00:00 0 
7f1d6e6e8000-7f1d6e7e8000 rwxp 00000000 00:00 0 
7f1d6e7e8000-7f1d6e7e9000 ---p 00000000 00:00 0 
7f1d6e7e9000-7f1d6e8e9000 rwxp 00000000 00:00 0 
7f1d6e8e9000-7f1d6e8ea000 ---p 00000000 00:00 0 
7f1d6e8ea000-7f1d6e9ea000 rwxp 00000000 00:00 0 
7f1d6e9ea000-7f1d6e9eb000 ---p 00000000 00:00 0 
7f1d6e9eb000-7f1d6eaeb000 rwxp 00000000 00:00 0 
7f1d6eaeb000-7f1d6eaec000 ---p 00000000 00:00 0 
7f1d6eaec000-7f1d6ebec000 rwxp 00000000 00:00 0 
7f1d6ebec000-7f1d6f34a000 r-xp 00000000 08:03 21631158                   /nerc/packages/matlab/2011a/sys/java/jre/glnxa64/jre/lib/amd64/server/libjvm.so
7f1d6f34a000-7f1d6f449000 ---p 0075e000 08:03 21631158                   /nerc/packages/matlab/2011a/sys/java/jre/glnxa64/jre/lib/amd64/server/libjvm.so
7f1d6f449000-7f1d6f5c1000 rw-p 0075d000 08:03 21631158                   /nerc/packages/matlab/2011a/sys/java/jre/glnxa64/jre/lib/amd64/server/libjvm.so
7f1d6f5c1000-7f1d6f5ff000 rw-p 00000000 00:00 0 
7f1d6f5ff000-7f1d6f600000 ---p 00000000 00:00 0 
7f1d6f600000-7f1d70000000 rwxp 00000000 00:00 0 
7f1d70000000-7f1d7016b000 rw-p 00000000 00:00 0 
7f1d7016b000-7f1d74000000 ---p 00000000 00:00 0 
7f1d74000000-7f1d74021000 rw-p 00000000 00:00 0 
7f1d74021000-7f1d78000000 ---p 00000000 00:00 0 
7f1d78000000-7f1d78021000 rw-p 00000000 00:00 0 
7f1d78021000-7f1d7c000000 ---p 00000000 00:00 0 
7f1d7c07a000-7f1d7c07b000 ---p 00000000 00:00 0 
7f1d7c07b000-7f1d7c186000 rwxp 00000000 00:00 0 
7f1d7c186000-7f1d7c1bb000 rwxp 00000000 00:00 0 
7f1d7c1bb000-7f1d7c1d3000 rwxp 00000000 00:00 0 
7f1d7c1d3000-7f1d7c205000 rwxp 00000000 00:00 0 
7f1d7c205000-7f1d7c210000 rwxp 00000000 00:00 0 
7f1d7c210000-7f1d7c245000 rwxp 00000000 00:00 0 
7f1d7c245000-7f1d7c25d000 rwxp 00000000 00:00 0 
7f1d7c25d000-7f1d7c28e000 rwxp 00000000 00:00 0 
7f1d7c28e000-7f1d7c297000 rwxp 00000000 00:00 0 
7f1d7c297000-7f1d7c2a7000 rwxp 00000000 00:00 0 
7f1d7c2a7000-7f1d7c2b2000 rwxp 00000000 00:00 0 
7f1d7c2b2000-7f1d7c368000 rwxp 00000000 00:00 0 
7f1d7c368000-7f1d7c376000 r-xp 00000000 08:03 21630888                   /nerc/packages/matlab/2011a/sys/java/jre/glnxa64/jre/lib/amd64/libzip.so
7f1d7c376000-7f1d7c478000 ---p 0000e000 08:03 21630888                   /nerc/packages/matlab/2011a/sys/java/jre/glnxa64/jre/lib/amd64/libzip.so
7f1d7c478000-7f1d7c47b000 rw-p 00010000 08:03 21630888                   /nerc/packages/matlab/2011a/sys/java/jre/glnxa64/jre/lib/amd64/libzip.so
7f1d7c47b000-7f1d7c47c000 rw-p 00000000 00:00 0 
7f1d7c47c000-7f1d7c483000 r-xp 00000000 08:03 21631102                   /nerc/packages/matlab/2011a/sys/java/jre/glnxa64/jre/lib/amd64/native_threads/libhpi.so
7f1d7c483000-7f1d7c584000 ---p 00007000 08:03 21631102                   /nerc/packages/matlab/2011a/sys/java/jre/glnxa64/jre/lib/amd64/native_threads/libhpi.so
7f1d7c584000-7f1d7c586000 rw-p 00008000 08:03 21631102                   /nerc/packages/matlab/2011a/sys/java/jre/glnxa64/jre/lib/amd64/native_threads/libhpi.so
7f1d7c586000-7f1d7c587000 rw-p 00000000 00:00 0 
7f1d7c587000-7f1d7c594000 r-xp 00000000 08:03 21631121                   /nerc/packages/matlab/2011a/sys/java/jre/glnxa64/jre/lib/amd64/libverify.so
7f1d7c594000-7f1d7c693000 ---p 0000d000 08:03 21631121                   /nerc/packages/matlab/2011a/sys/java/jre/glnxa64/jre/lib/amd64/libverify.so
7f1d7c693000-7f1d7c696000 rw-p 0000c000 08:03 21631121                   /nerc/packages/matlab/2011a/sys/java/jre/glnxa64/jre/lib/amd64/libverify.so
7f1d7c696000-7f1d7c6bf000 r-xp 00000000 08:03 21630946                   /nerc/packages/matlab/2011a/sys/java/jre/glnxa64/jre/lib/amd64/libjava.so
7f1d7c6bf000-7f1d7c7be000 ---p 00029000 08:03 21630946                   /nerc/packages/matlab/2011a/sys/java/jre/glnxa64/jre/lib/amd64/libjava.so
7f1d7c7be000-7f1d7c7c5000 rw-p 00028000 08:03 21630946                   /nerc/packages/matlab/2011a/sys/java/jre/glnxa64/jre/lib/amd64/libjava.so
7f1d7c7c5000-7f1d7c7c6000 r-xp 00000000 08:02 3146639                    /usr/lib64/gconv/ISO8859-1.so
7f1d7c7c6000-7f1d7c9c6000 ---p 00001000 08:02 3146639                    /usr/lib64/gconv/ISO8859-1.so
7f1d7c9c6000-7f1d7c9c7000 r--p 00001000 08:02 3146639                    /usr/lib64/gconv/ISO8859-1.so
7f1d7c9c7000-7f1d7c9c8000 rw-p 00002000 08:02 3146639                    /usr/lib64/gconv/ISO8859-1.so
7f1d7c9c8000-7f1d7c9c9000 ---p 00000000 00:00 0 
7f1d7c9c9000-7f1d7d3c9000 rwxp 00000000 00:00 0 
7f1d7d3c9000-7f1d7d3ca000 r--p 00000000 08:02 3146442                    /usr/share/locale/en_GB/LC_MESSAGES/libc.mo
7f1d7d3e5000-7f1d7d41a000 r--s 00000000 08:02 134363                     /var/db/nscd/passwd
7f1d7d41c000-7f1d7d5be000 rw-p 00000000 00:00 0 
7f1d7d5be000-7f1d7d5bf000 ---p 00000000 00:00 0 
7f1d7d5bf000-7f1d7dfbf000 rwxp 00000000 00:00 0 
7f1d7dfbf000-7f1d7dfc2000 ---p 00000000 00:00 0 
7f1d7dfc2000-7f1d7e9c0000 rwxp 00000000 00:00 0 
7f1d7e9c0000-7f1d7e9f5000 r--s 00000000 08:02 134365                     /var/db/nscd/hosts
7f1d7e9f5000-7f1d7e9f6000 ---p 00000000 00:00 0 
7f1d7e9f6000-7f1d7f1c6000 rwxp 00000000 00:00 0 
7f1d7f1c6000-7f1d85057000 r--p 00000000 08:02 3158713                    /usr/lib/locale/locale-archive
7f1d85057000-7f1d85061000 rw-p 00000000 00:00 0 
7f1d85061000-7f1d85079000 r-xp 00000000 08:02 3162299                    /usr/lib64/libXmu.so.6.2.0
7f1d85079000-7f1d85279000 ---p 00018000 08:02 3162299                    /usr/lib64/libXmu.so.6.2.0
7f1d85279000-7f1d8527b000 rw-p 00018000 08:02 3162299                    /usr/lib64/libXmu.so.6.2.0
7f1d8527b000-7f1d8527c000 rw-p 00000000 00:00 0 
7f1d8527c000-7f1d85280000 r-xp 00000000 08:03 18747279                   /nerc/packages/matlab/2011a/bin/glnxa64/libmwompwrapper.so
7f1d85280000-7f1d8547f000 ---p 00004000 08:03 18747279                   /nerc/packages/matlab/2011a/bin/glnxa64/libmwompwrapper.so
7f1d8547f000-7f1d85480000 rw-p 00003000 08:03 18747279                   /nerc/packages/matlab/2011a/bin/glnxa64/libmwompwrapper.so
7f1d85480000-7f1d85489000 r-xp 00000000 08:03 18747271                   /nerc/packages/matlab/2011a/bin/glnxa64/libmwbinder.so
7f1d85489000-7f1d85688000 ---p 00009000 08:03 18747271                   /nerc/packages/matlab/2011a/bin/glnxa64/libmwbinder.so
7f1d85688000-7f1d85689000 rw-p 00008000 08:03 18747271                   /nerc/packages/matlab/2011a/bin/glnxa64/libmwbinder.so
7f1d85689000-7f1d8568a000 rw-p 00000000 00:00 0 
7f1d8568a000-7f1d85aef000 r-xp 00000000 08:03 18747204                   /nerc/packages/matlab/2011a/bin/glnxa64/libhdf5.so.6.0.2
7f1d85aef000-7f1d85cee000 ---p 00465000 08:03 18747204                   /nerc/packages/matlab/2011a/bin/glnxa64/libhdf5.so.6.0.2
7f1d85cee000-7f1d85cf8000 rw-p 00464000 08:03 18747204                   /nerc/packages/matlab/2011a/bin/glnxa64/libhdf5.so.6.0.2
7f1d85cf8000-7f1d85cfb000 rw-p 00000000 00:00 0 
7f1d85cfb000-7f1d85d19000 r-xp 00000000 08:03 18747205                   /nerc/packages/matlab/2011a/bin/glnxa64/libhdf5_hl.so.6.0.2
7f1d85d19000-7f1d85f19000 ---p 0001e000 08:03 18747205                   /nerc/packages/matlab/2011a/bin/glnxa64/libhdf5_hl.so.6.0.2
7f1d85f19000-7f1d85f1a000 rw-p 0001e000 08:03 18747205                   /nerc/packages/matlab/2011a/bin/glnxa64/libhdf5_hl.so.6.0.2
7f1d85f1a000-7f1d85f2d000 rw-p 00000000 00:00 0 
7f1d85f2d000-7f1d861ae000 r-xp 00000000 08:03 21631258                   /nerc/packages/matlab/2011a/sys/os/glnxa64/libXm.so.3.0.2
7f1d861ae000-7f1d863ae000 ---p 00281000 08:03 21631258                   /nerc/packages/matlab/2011a/sys/os/glnxa64/libXm.so.3.0.2
7f1d863ae000-7f1d863d8000 rw-p 00281000 08:03 21631258                   /nerc/packages/matlab/2011a/sys/os/glnxa64/libXm.so.3.0.2
7f1d863d8000-7f1d863d9000 rw-p 00000000 00:00 0 
7f1d863d9000-7f1d86482000 r-xp 00000000 08:03 18747304                   /nerc/packages/matlab/2011a/bin/glnxa64/libmwlapack.so
7f1d86482000-7f1d86681000 ---p 000a9000 08:03 18747304                   /nerc/packages/matlab/2011a/bin/glnxa64/libmwlapack.so
7f1d86681000-7f1d8668a000 rw-p 000a8000 08:03 18747304                   /nerc/packages/matlab/2011a/bin/glnxa64/libmwlapack.so
7f1d8668a000-7f1d8668b000 rw-p 00000000 00:00 0 
7f1d8668b000-7f1d868b7000 r-xp 00000000 08:03 18747288                   /nerc/packages/matlab/2011a/bin/glnxa64/libmwhgdatatypes.so
7f1d868b7000-7f1d86ab6000 ---p 0022c000 08:03 18747288                   /nerc/packages/matlab/2011a/bin/glnxa64/libmwhgdatatypes.so
7f1d86ab6000-7f1d86ad3000 rw-p 0022b000 08:03 18747288                   /nerc/packages/matlab/2011a/bin/glnxa64/libmwhgdatatypes.so
7f1d86ad3000-7f1d86ad4000 rw-p 00000000 00:00 0 
7f1d86ad4000-7f1d86aff000 r-xp 00000000 08:03 18747355                   /nerc/packages/matlab/2011a/bin/glnxa64/libmwhardcopy.so
7f1d86aff000-7f1d86cfe000 ---p 0002b000 08:03 18747355                   /nerc/packages/matlab/2011a/bin/glnxa64/libmwhardcopy.so
7f1d86cfe000-7f1d86d00000 rw-p 0002a000 08:03 18747355                   /nerc/packages/matlab/2011a/bin/glnxa64/libmwhardcopy.so
7f1d86d00000-7f1d86d02000 rw-p 00000000 00:00 0 
7f1d86d02000-7f1d86d12000 r-xp 00000000 08:03 18747324                   /nerc/packages/matlab/2011a/bin/glnxa64/libmwgraphics_util.so
7f1d86d12000-7f1d86f11000 ---p 00010000 08:03 18747324                   /nerc/packages/matlab/2011a/bin/glnxa64/libmwgraphics_util.so
7f1d86f11000-7f1d86f13000 rw-p 0000f000 08:03 18747324                   /nerc/packages/matlab/2011a/bin/glnxa64/libmwgraphics_util.so
7f1d86f13000-7f1d86f26000 r-xp 00000000 08:03 18747312                   /nerc/packages/matlab/2011a/bin/glnxa64/libmwir_xfmr.so
7f1d86f26000-7f1d87126000 ---p 00013000 08:03 18747312                   /nerc/packages/matlab/2011a/bin/glnxa64/libmwir_xfmr.so
7f1d87126000-7f1d87127000 rw-p 00013000 08:03 18747312                   /nerc/packages/matlab/2011a/bin/glnxa64/libmwir_xfmr.so
7f1d87127000-7f1d8712a000 rw-p 00000000 00:00 0 
7f1d8712a000-7f1d8718a000 r-xp 00000000 08:03 18747290                   /nerc/packages/matlab/2011a/bin/glnxa64/libmwspmatrix.so
7f1d8718a000-7f1d8738a000 ---p 00060000 08:03 18747290                   /nerc/packages/matlab/2011a/bin/glnxa64/libmwspmatrix.so
7f1d8738a000-7f1d8738b000 rw-p 00060000 08:03 18747290                   /nerc/packages/matlab/2011a/bin/glnxa64/libmwspmatrix.so
7f1d8738b000-7f1d873aa000 r-xp 00000000 08:03 18747307                   /nerc/packages/matlab/2011a/bin/glnxa64/libmwm_pcodegen.so
7f1d873aa000-7f1d875aa000 ---p 0001f000 08:03 18747307                   /nerc/packages/matlab/2011a/bin/glnxa64/libmwm_pcodegen.so
7f1d875aa000-7f1d875ac000 rw-p 0001f000 08:03 18747307                   /nerc/packages/matlab/2011a/bin/glnxa64/libmwm_pcodegen.so
7f1d875ac000-7f1d875ad000 rw-p 00000000 00:00 0 
7f1d875ad000-7f1d875c3000 r-xp 00000000 08:03 18747343                   /nerc/packages/matlab/2011a/bin/glnxa64/libmwm_pcodeio.so
7f1d875c3000-7f1d877c2000 ---p 00016000 08:03 18747343                   /nerc/packages/matlab/2011a/bin/glnxa64/libmwm_pcodeio.so
7f1d877c2000-7f1d877c4000 rw-p 00015000 08:03 18747343                   /nerc/packages/matlab/2011a/bin/glnxa64/libmwm_pcodeio.so
7f1d877c4000-7f1d877d2000 r-xp 00000000 08:03 18747274                   /nerc/packages/matlab/2011a/bin/glnxa64/libmwmlib.so
7f1d877d2000-7f1d879d1000 ---p 0000e000 08:03 18747274                   /nerc/packages/matlab/2011a/bin/glnxa64/libmwmlib.so
7f1d879d1000-7f1d879d3000 rw-p 0000d000 08:03 18747274                   /nerc/packages/matlab/2011a/bin/glnxa64/libmwmlib.so
7f1d879d3000-7f1d879f5000 r-xp 00000000 08:03 18747336                   /nerc/packages/matlab/2011a/bin/glnxa64/libmwmathrng.so
7f1d879f5000-7f1d87bf5000 ---p 00022000 08:03 18747336                   /nerc/packages/matlab/2011a/bin/glnxa64/libmwmathrng.so
7f1d87bf5000-7f1d87bf7000 rw-p 00022000 08:03 18747336                   /nerc/packages/matlab/2011a/bin/glnxa64/libmwmathrng.so
7f1d87bf7000-7f1d87bfa000 rw-p 00000000 00:00 0 
7f1d87bfa000-7f1d87c37000 r-xp 00000000 08:03 18747353                   /nerc/packages/matlab/2011a/bin/glnxa64/libmwprofiler.so
7f1d87c37000-7f1d87e37000 ---p 0003d000 08:03 18747353                   /nerc/packages/matlab/2011a/bin/glnxa64/libmwprofiler.so
7f1d87e37000-7f1d87e3a000 rw-p 0003d000 08:03 18747353                   /nerc/packages/matlab/2011a/bin/glnxa64/libmwprofiler.so
7f1d87e3a000-7f1d87e73000 r-xp 00000000 08:03 18747166                   /nerc/packages/matlab/2011a/bin/glnxa64/libmat.so
7f1d87e73000-7f1d88072000 ---p 00039000 08:03 18747166                   /nerc/packages/matlab/2011a/bin/glnxa64/libmat.so
7f1d88072000-7f1d88075000 rw-p 00038000 08:03 18747166                   /nerc/packages/matlab/2011a/bin/glnxa64/libmat.so
7f1d88075000-7f1d88076000 rw-p 00000000 00:00 0 
7f1d88076000-7f1d88431000 r-xp 00000000 08:03 18747172                   /nerc/packages/matlab/2011a/bin/glnxa64/libxerces-c.so.27.0
7f1d88431000-7f1d88630000 ---p 003bb000 08:03 18747172                   /nerc/packages/matlab/2011a/bin/glnxa64/libxerces-c.so.27.0
7f1d88630000-7f1d88674000 rw-p 003ba000 08:03 18747172                   /nerc/packages/matlab/2011a/bin/glnxa64/libxerces-c.so.27.0
7f1d88674000-7f1d88675000 rw-p 00000000 00:00 0 
7f1d88675000-7f1d886e6000 r-xp 00000000 08:03 18747306                   /nerc/packages/matlab/2011a/bin/glnxa64/libmwxmlcore.so
7f1d886e6000-7f1d888e6000 ---p 00071000 08:03 18747306                   /nerc/packages/matlab/2011a/bin/glnxa64/libmwxmlcore.so
7f1d888e6000-7f1d888ee000 rw-p 00071000 08:03 18747306                   /nerc/packages/matlab/2011a/bin/glnxa64/libmwxmlcore.so
7f1d888ee000-7f1d888ef000 rw-p 00000000 00:00 0 
7f1d888ef000-7f1d888f8000 r-xp 00000000 08:03 18747394                   /nerc/packages/matlab/2011a/bin/glnxa64/libboost_iostreams.so.1.40.0
7f1d888f8000-7f1d88af7000 ---p 00009000 08:03 18747394                   /nerc/packages/matlab/2011a/bin/glnxa64/libboost_iostreams.so.1.40.0
7f1d88af7000-7f1d88af8000 rw-p 00008000 08:03 18747394                   /nerc/packages/matlab/2011a/bin/glnxa64/libboost_iostreams.so.1.40.0
7f1d88af8000-7f1d88af9000 rw-p 00000000 00:00 0 
7f1d88af9000-7f1d88c67000 r-xp 00000000 08:03 18747348                   /nerc/packages/matlab/2011a/bin/glnxa64/libmwuix.so
7f1d88c67000-7f1d88e66000 ---p 0016e000 08:03 18747348                   /nerc/packages/matlab/2011a/bin/glnxa64/libmwuix.so
7f1d88e66000-7f1d88e7b000 rw-p 0016d000 08:03 18747348                   /nerc/packages/matlab/2011a/bin/glnxa64/libmwuix.so
7f1d88e7b000-7f1d88e80000 rw-p 00000000 00:00 0 
7f1d88e80000-7f1d88ed4000 r-xp 00000000 08:03 18747323                   /nerc/packages/matlab/2011a/bin/glnxa64/libmwm_ir.so
7f1d88ed4000-7f1d890d3000 ---p 00054000 08:03 18747323                   /nerc/packages/matlab/2011a/bin/glnxa64/libmwm_ir.so
7f1d890d3000-7f1d890db000 rw-p 00053000 08:03 18747323                   /nerc/packages/matlab/2011a/bin/glnxa64/libmwm_ir.so
7f1d890db000-7f1d890dc000 rw-p 00000000 00:00 0 
7f1d890dc000-7f1d890e1000 r-xp 00000000 08:03 18747352                   /nerc/packages/matlab/2011a/bin/glnxa64/libmwuinone.so
7f1d890e1000-7f1d892e1000 ---p 00005000 08:03 18747352                   /nerc/packages/matlab/2011a/bin/glnxa64/libmwuinone.so
7f1d892e1000-7f1d892e2000 rw-p 00005000 08:03 18747352                   /nerc/packages/matlab/2011a/bin/glnxa64/libmwuinone.so
7f1d892e2000-7f1d89379000 r-xp 00000000 08:03 18747357                   /nerc/packages/matlab/2011a/bin/glnxa64/libmwudd_mi.so
7f1d89379000-7f1d89578000 ---p 00097000 08:03 18747357                   /nerc/packages/matlab/2011a/bin/glnxa64/libmwudd_mi.so
7f1d89578000-7f1d89584000 rw-p 00096000 08:03 18747357                   /nerc/packages/matlab/2011a/bin/glnxa64/libmwudd_mi.so
7f1d89584000-7f1d89585000 rw-p 00000000 00:00 0 
7f1d89585000-7f1d895c9000 r-xp 00000000 08:03 18747315                   /nerc/packages/matlab/2011a/bin/glnxa64/libuij.so
7f1d895c9000-7f1d897c8000 ---p 00044000 08:03 18747315                   /nerc/packages/matlab/2011a/bin/glnxa64/libuij.so
7f1d897c8000-7f1d897cb000 rw-p 00043000 08:03 18747315                   /nerc/packages/matlab/2011a/bin/glnxa64/libuij.so
7f1d897cb000-7f1d897cc000 rw-p 00000000 00:00 0 
7f1d897cc000-7f1d89879000 r-xp 00000000 08:03 18747330                   /nerc/packages/matlab/2011a/bin/glnxa64/libmwhgutils.so
7f1d89879000-7f1d89a78000 ---p 000ad000 08:03 18747330                   /nerc/packages/matlab/2011a/bin/glnxa64/libmwhgutils.so
7f1d89a78000-7f1d89a86000 rw-p 000ac000 08:03 18747330                   /nerc/packages/matlab/2011a/bin/glnxa64/libmwhgutils.so
7f1d89a86000-7f1d8a2b8000 r-xp 00000000 08:03 18747272                   /nerc/packages/matlab/2011a/bin/glnxa64/libmwhg.so
7f1d8a2b8000-7f1d8a4b7000 ---p 00832000 08:03 18747272                   /nerc/packages/matlab/2011a/bin/glnxa64/libmwhg.so
7f1d8a4b7000-7f1d8a590000 rw-p 00831000 08:03 18747272                   /nerc/packages/matlab/2011a/bin/glnxa64/libmwhg.so
7f1d8a590000-7f1d8a59d000 rw-p 00000000 00:00 0 
7f1d8a59d000-7f1d8a6a1000 r-xp 00000000 08:03 18747296                   /nerc/packages/matlab/2011a/bin/glnxa64/libmwgui.so
7f1d8a6a1000-7f1d8a8a1000 ---p 00104000 08:03 18747296                   /nerc/packages/matlab/2011a/bin/glnxa64/libmwgui.so
7f1d8a8a1000-7f1d8a8dd000 rw-p 00104000 08:03 18747296                   /nerc/packages/matlab/2011a/bin/glnxa64/libmwgui.so
7f1d8a8dd000-7f1d8a8de000 rw-p 00000000 00:00 0 
7f1d8a8de000-7f1d8ab14000 r-xp 00000000 08:03 18747331                   /nerc/packages/matlab/2011a/bin/glnxa64/libmwmcos.so
7f1d8ab14000-7f1d8ad13000 ---p 00236000 08:03 18747331                   /nerc/packages/matlab/2011a/bin/glnxa64/libmwmcos.so
7f1d8ad13000-7f1d8ad3b000 rw-p 00235000 08:03 18747331                   /nerc/packages/matlab/2011a/bin/glnxa64/libmwmcos.so
7f1d8ad3b000-7f1d8ad42000 r-xp 00000000 08:03 18747309                   /nerc/packages/matlab/2011a/bin/glnxa64/libmwmtok.so
7f1d8ad42000-7f1d8af42000 ---p 00007000 08:03 18747309                   /nerc/packages/matlab/2011a/bin/glnxa64/libmwmtok.so
7f1d8af42000-7f1d8af43000 rw-p 00007000 08:03 18747309                   /nerc/packages/matlab/2011a/bin/glnxa64/libmwmtok.so
7f1d8af43000-7f1d8afbc000 r-xp 00000000 08:03 18747278                   /nerc/packages/matlab/2011a/bin/glnxa64/libmwmlint.so
7f1d8afbc000-7f1d8b1bb000 ---p 00079000 08:03 18747278                   /nerc/packages/matlab/2011a/bin/glnxa64/libmwmlint.so
7f1d8b1bb000-7f1d8b1c3000 rw-p 00078000 08:03 18747278                   /nerc/packages/matlab/2011a/bin/glnxa64/libmwmlint.so
7f1d8b1c3000-7f1d8b1c4000 rw-p 00000000 00:00 0 
7f1d8b1c4000-7f1d8b28d000 r-xp 00000000 08:03 18747294                   /nerc/packages/matlab/2011a/bin/glnxa64/libmwudd.so
7f1d8b28d000-7f1d8b48d000 ---p 000c9000 08:03 18747294                   /nerc/packages/matlab/2011a/bin/glnxa64/libmwudd.so
7f1d8b48d000-7f1d8b4a4000 rw-p 000c9000 08:03 18747294                   /nerc/packages/matlab/2011a/bin/glnxa64/libmwudd.so
7f1d8b4a4000-7f1d8b4a6000 rw-p 00000000 00:00 0 
7f1d8b4a6000-7f1d8b703000 r-xp 00000000 08:03 18747299                   /nerc/packages/matlab/2011a/bin/glnxa64/libmwm_parser.so
7f1d8b703000-7f1d8b903000 ---p 0025d000 08:03 18747299                   /nerc/packages/matlab/2011a/bin/glnxa64/libmwm_parser.so
7f1d8b903000-7f1d8bd98000 rw-p 0025d000 08:03 18747299                   /nerc/packages/matlab/2011a/bin/glnxa64/libmwm_parser.so
7f1d8bd98000-7f1d8bd99000 rw-p 00000000 00:00 0 
7f1d8bd99000-7f1d8bda9000 r-xp 00000000 08:03 18747341                   /nerc/packages/matlab/2011a/bin/glnxa64/libmex.so
7f1d8bda9000-7f1d8bfa8000 ---p 00010000 08:03 18747341                   /nerc/packages/matlab/2011a/bin/glnxa64/libmex.so
7f1d8bfa8000-7f1d8bfaa000 rw-p 0000f000 08:03 18747341                   /nerc/packages/matlab/2011a/bin/glnxa64/libmex.so
7f1d8bfaa000-7f1d8bfab000 r-xp 00000000 08:03 18747400                   /nerc/packages/matlab/2011a/bin/glnxa64/libmwnativejava_services.so
7f1d8bfab000-7f1d8c1ab000 ---p 00001000 08:03 18747400                   /nerc/packages/matlab/2011a/bin/glnxa64/libmwnativejava_services.so
7f1d8c1ab000-7f1d8c1ac000 rw-p 00001000 08:03 18747400                   /nerc/packages/matlab/2011a/bin/glnxa64/libmwnativejava_services.so
7f1d8c1ac000-7f1d8c1ad000 rw-p 00000000 00:00 0 
7f1d8c1ad000-7f1d8c24a000 r-xp 00000000 08:03 18747276                   /nerc/packages/matlab/2011a/bin/glnxa64/libmwiqm.so
7f1d8c24a000-7f1d8c44a000 ---p 0009d000 08:03 18747276                   /nerc/packages/matlab/2011a/bin/glnxa64/libmwiqm.so
7f1d8c44a000-7f1d8c450000 rw-p 0009d000 08:03 18747276                   /nerc/packages/matlab/2011a/bin/glnxa64/libmwiqm.so
7f1d8c450000-7f1d8c452000 rw-p 00000000 00:00 0 
7f1d8c452000-7f1d8c4bf000 r-xp 00000000 08:03 18747384                   /nerc/packages/matlab/2011a/bin/glnxa64/libboost_serialization.so.1.40.0
7f1d8c4bf000-7f1d8c6bf000 ---p 0006d000 08:03 18747384                   /nerc/packages/matlab/2011a/bin/glnxa64/libboost_serialization.so.1.40.0
7f1d8c6bf000-7f1d8c6c3000 rw-p 0006d000 08:03 18747384                   /nerc/packages/matlab/2011a/bin/glnxa64/libboost_serialization.so.1.40.0
7f1d8c6c3000-7f1d8c761000 r-xp 00000000 08:03 18747293                   /nerc/packages/matlab/2011a/bin/glnxa64/libmwmathutil.so
7f1d8c761000-7f1d8c961000 ---p 0009e000 08:03 18747293                   /nerc/packages/matlab/2011a/bin/glnxa64/libmwmathutil.so
7f1d8c961000-7f1d8c962000 rw-p 0009e000 08:03 18747293                   /nerc/packages/matlab/2011a/bin/glnxa64/libmwmathutil.so
7f1d8c962000-7f1d8c963000 rw-p 00000000 00:00 0 
7f1d8c963000-7f1d8cb25000 r-xp 00000000 08:03 18747283                   /nerc/packages/matlab/2011a/bin/glnxa64/libmwmlutil.so
7f1d8cb25000-7f1d8cd24000 ---p 001c2000 08:03 18747283                   /nerc/packages/matlab/2011a/bin/glnxa64/libmwmlutil.so
7f1d8cd24000-7f1d8cd32000 rw-p 001c1000 08:03 18747283                   /nerc/packages/matlab/2011a/bin/glnxa64/libmwmlutil.so
7f1d8cd32000-7f1d8cd3c000 rw-p 00000000 00:00 0 
7f1d8cd3c000-7f1d8cd51000 r-xp 00000000 08:03 18747380                   /nerc/packages/matlab/2011a/bin/glnxa64/libboost_signals.so.1.40.0
7f1d8cd51000-7f1d8cf51000 ---p 00015000 08:03 18747380                   /nerc/packages/matlab/2011a/bin/glnxa64/libboost_signals.so.1.40.0
7f1d8cf51000-7f1d8cf52000 rw-p 00015000 08:03 18747380                   /nerc/packages/matlab/2011a/bin/glnxa64/libboost_signals.so.1.40.0
7f1d8cf52000-7f1d8cf53000 rw-p 00000000 00:00 0 
7f1d8cf53000-7f1d8d020000 r-xp 00000000 08:03 18747379                   /nerc/packages/matlab/2011a/bin/glnxa64/libboost_regex.so.1.40.0
7f1d8d020000-7f1d8d220000 ---p 000cd000 08:03 18747379                   /nerc/packages/matlab/2011a/bin/glnxa64/libboost_regex.so.1.40.0
7f1d8d220000-7f1d8d226000 rw-p 000cd000 08:03 18747379                   /nerc/packages/matlab/2011a/bin/glnxa64/libboost_regex.so.1.40.0
7f1d8d226000-7f1d8d239000 r-xp 00000000 08:03 18747397                   /nerc/packages/matlab/2011a/bin/glnxa64/libboost_filesystem.so.1.40.0
7f1d8d239000-7f1d8d439000 ---p 00013000 08:03 18747397                   /nerc/packages/matlab/2011a/bin/glnxa64/libboost_filesystem.so.1.40.0
7f1d8d439000-7f1d8d43a000 rw-p 00013000 08:03 18747397                   /nerc/packages/matlab/2011a/bin/glnxa64/libboost_filesystem.so.1.40.0
7f1d8d43a000-7f1d8d43b000 rw-p 00000000 00:00 0 
7f1d8d43b000-7f1d8d4ec000 r-xp 00000000 08:03 18747162                   /nerc/packages/matlab/2011a/bin/glnxa64/libmwMATLAB_res.so
7f1d8d4ec000-7f1d8d6ec000 ---p 000b1000 08:03 18747162                   /nerc/packages/matlab/2011a/bin/glnxa64/libmwMATLAB_res.so
7f1d8d6ec000-7f1d8d6ed000 rw-p 000b1000 08:03 18747162                   /nerc/packages/matlab/2011a/bin/glnxa64/libmwMATLAB_res.so
7f1d8d6ed000-7f1d8d6ef000 rw-p 00000000 00:00 0 
7f1d8d6ef000-7f1d8d6f1000 r-xp 00000000 08:03 18747170                   /nerc/packages/matlab/2011a/bin/glnxa64/libmwresource_core.so
7f1d8d6f1000-7f1d8d8f0000 ---p 00002000 08:03 18747170                   /nerc/packages/matlab/2011a/bin/glnxa64/libmwresource_core.so
7f1d8d8f0000-7f1d8d8f1000 rw-p 00001000 08:03 18747170                   /nerc/packages/matlab/2011a/bin/glnxa64/libmwresource_core.so
7f1d8d8f1000-7f1d8d8f2000 rw-p 00000000 00:00 0 
7f1d8d8f2000-7f1d8d90c000 r-xp 00000000 08:03 18747377                   /nerc/packages/matlab/2011a/bin/glnxa64/libtbbmalloc.so.2
7f1d8d90c000-7f1d8da0b000 ---p 0001a000 08:03 18747377                   /nerc/packages/matlab/2011a/bin/glnxa64/libtbbmalloc.so.2
7f1d8da0b000-7f1d8da0e000 rw-p 00019000 08:03 18747377                   /nerc/packages/matlab/2011a/bin/glnxa64/libtbbmalloc.so.2
7f1d8da0e000-7f1d8da1b000 rw-p 00000000 00:00 0 
7f1d8da1b000-7f1d8da55000 r-xp 00000000 08:03 18747376                   /nerc/packages/matlab/2011a/bin/glnxa64/libtbb.so.2
7f1d8da55000-7f1d8db55000 ---p 0003a000 08:03 18747376                   /nerc/packages/matlab/2011a/bin/glnxa64/libtbb.so.2
7f1d8db55000-7f1d8db59000 rw-p 0003a000 08:03 18747376                   /nerc/packages/matlab/2011a/bin/glnxa64/libtbb.so.2
7f1d8db59000-7f1d8db5b000 rw-p 00000000 00:00 0 
7f1d8db5b000-7f1d8db66000 r-xp 00000000 08:03 18747196                   /nerc/packages/matlab/2011a/bin/glnxa64/libicuio.so.42.1
7f1d8db66000-7f1d8dd65000 ---p 0000b000 08:03 18747196                   /nerc/packages/matlab/2011a/bin/glnxa64/libicuio.so.42.1
7f1d8dd65000-7f1d8dd67000 rw-p 0000a000 08:03 18747196                   /nerc/packages/matlab/2011a/bin/glnxa64/libicuio.so.42.1
7f1d8dd67000-7f1d8defd000 r-xp 00000000 08:03 18747201                   /nerc/packages/matlab/2011a/bin/glnxa64/libicui18n.so.42.1
7f1d8defd000-7f1d8e0fc000 ---p 00196000 08:03 18747201                   /nerc/packages/matlab/2011a/bin/glnxa64/libicui18n.so.42.1
7f1d8e0fc000-7f1d8e10a000 rw-p 00195000 08:03 18747201                   /nerc/packages/matlab/2011a/bin/glnxa64/libicui18n.so.42.1
7f1d8e10a000-7f1d8e257000 r-xp 00000000 08:03 18747198                   /nerc/packages/matlab/2011a/bin/glnxa64/libicuuc.so.42.1
7f1d8e257000-7f1d8e456000 ---p 0014d000 08:03 18747198                   /nerc/packages/matlab/2011a/bin/glnxa64/libicuuc.so.42.1
7f1d8e456000-7f1d8e467000 rw-p 0014c000 08:03 18747198                   /nerc/packages/matlab/2011a/bin/glnxa64/libicuuc.so.42.1
7f1d8e467000-7f1d8e46a000 rw-p 00000000 00:00 0 
7f1d8e46a000-7f1d8f3af000 r--p 00000000 08:03 18747200                   /nerc/packages/matlab/2011a/bin/glnxa64/libicudata.so.42.1
7f1d8f3af000-7f1d8f5ae000 ---p 00f45000 08:03 18747200                   /nerc/packages/matlab/2011a/bin/glnxa64/libicudata.so.42.1
7f1d8f5ae000-7f1d8f5af000 rw-p 00f44000 08:03 18747200                   /nerc/packages/matlab/2011a/bin/glnxa64/libicudata.so.42.1
7f1d8f5af000-7f1d8f5d5000 r-xp 00000000 08:03 18747363                   /nerc/packages/matlab/2011a/bin/glnxa64/libexpat.so.1.5.0
7f1d8f5d5000-7f1d8f7d4000 ---p 00026000 08:03 18747363                   /nerc/packages/matlab/2011a/bin/glnxa64/libexpat.so.1.5.0
7f1d8f7d4000-7f1d8f7d7000 rw-p 00025000 08:03 18747363                   /nerc/packages/matlab/2011a/bin/glnxa64/libexpat.so.1.5.0
7f1d8f7d7000-7f1d8f7eb000 r-xp 00000000 08:03 18747388                   /nerc/packages/matlab/2011a/bin/glnxa64/libboost_thread.so.1.40.0
7f1d8f7eb000-7f1d8f9ea000 ---p 00014000 08:03 18747388                   /nerc/packages/matlab/2011a/bin/glnxa64/libboost_thread.so.1.40.0
7f1d8f9ea000-7f1d8f9ec000 rw-p 00013000 08:03 18747388                   /nerc/packages/matlab/2011a/bin/glnxa64/libboost_thread.so.1.40.0
7f1d8f9ec000-7f1d8f9ed000 rw-p 00000000 00:00 0 
7f1d8f9ed000-7f1d8f9f0000 r-xp 00000000 08:03 18747390                   /nerc/packages/matlab/2011a/bin/glnxa64/libboost_system.so.1.40.0
7f1d8f9f0000-7f1d8fbef000 ---p 00003000 08:03 18747390                   /nerc/packages/matlab/2011a/bin/glnxa64/libboost_system.so.1.40.0
7f1d8fbef000-7f1d8fbf0000 rw-p 00002000 08:03 18747390                   /nerc/packages/matlab/2011a/bin/glnxa64/libboost_system.so.1.40.0
7f1d8fbf0000-7f1d8fc02000 r-xp 00000000 08:03 18747391                   /nerc/packages/matlab/2011a/bin/glnxa64/libboost_date_time.so.1.40.0
7f1d8fc02000-7f1d8fe01000 ---p 00012000 08:03 18747391                   /nerc/packages/matlab/2011a/bin/glnxa64/libboost_date_time.so.1.40.0
7f1d8fe01000-7f1d8fe03000 rw-p 00011000 08:03 18747391                   /nerc/packages/matlab/2011a/bin/glnxa64/libboost_date_time.so.1.40.0
7f1d8fe03000-7f1d8fe04000 rw-p 00000000 00:00 0 
7f1d8fe04000-7f1d8fe53000 r-xp 00000000 08:03 18747168                   /nerc/packages/matlab/2011a/bin/glnxa64/libmwi18n.so
7f1d8fe53000-7f1d90052000 ---p 0004f000 08:03 18747168                   /nerc/packages/matlab/2011a/bin/glnxa64/libmwi18n.so
7f1d90052000-7f1d90056000 rw-p 0004e000 08:03 18747168                   /nerc/packages/matlab/2011a/bin/glnxa64/libmwi18n.so
7f1d90056000-7f1d90058000 rw-p 00000000 00:00 0 
7f1d90058000-7f1d9006e000 r-xp 00000000 08:03 21631260                   /nerc/packages/matlab/2011a/sys/os/glnxa64/libgcc_s.so.1
7f1d9006e000-7f1d9026d000 ---p 00016000 08:03 21631260                   /nerc/packages/matlab/2011a/sys/os/glnxa64/libgcc_s.so.1
7f1d9026d000-7f1d9026e000 rw-p 00015000 08:03 21631260                   /nerc/packages/matlab/2011a/sys/os/glnxa64/libgcc_s.so.1
7f1d9027a000-7f1d90282000 rw-s 00000000 08:06 2359310                    /tmp/hsperfdata_pstar/23386
7f1d90282000-7f1d90283000 rw-p 00000000 00:00 0 
7f1d90283000-7f1d9028a000 r--s 00000000 08:02 3158702                    /usr/lib64/gconv/gconv-modules.cache
7f1d9028a000-7f1d9028b000 r--p 00000000 00:00 0 
7f1d9028b000-7f1d9028c000 rw-s 00000000 00:04 3276815                    /SYSV000c95e8 (deleted)
7f1d9028c000-7f1d90376000 r-xp 00000000 08:03 21631268                   /nerc/packages/matlab/2011a/sys/os/glnxa64/libstdc++.so.6.0.10
7f1d90376000-7f1d90576000 ---p 000ea000 08:03 21631268                   /nerc/packages/matlab/2011a/sys/os/glnxa64/libstdc++.so.6.0.10
7f1d90576000-7f1d9057d000 r--p 000ea000 08:03 21631268                   /nerc/packages/matlab/2011a/sys/os/glnxa64/libstdc++.so.6.0.10
7f1d9057d000-7f1d9057f000 rw-p 000f1000 08:03 21631268                   /nerc/packages/matlab/2011a/sys/os/glnxa64/libstdc++.so.6.0.10
7f1d9057f000-7f1d90593000 rw-p 00000000 00:00 0 
7f1d90593000-7f1d90a33000 r-xp 00000000 08:03 18747345                   /nerc/packages/matlab/2011a/bin/glnxa64/libmwm_interpreter.so
7f1d90a33000-7f1d90c32000 ---p 004a0000 08:03 18747345                   /nerc/packages/matlab/2011a/bin/glnxa64/libmwm_interpreter.so
7f1d90c32000-7f1d90d09000 rw-p 0049f000 08:03 18747345                   /nerc/packages/matlab/2011a/bin/glnxa64/libmwm_interpreter.so
7f1d90d09000-7f1d90da3000 rw-p 00000000 00:00 0 
7f1d90da3000-7f1d90e21000 r-xp 00000000 08:03 18747342                   /nerc/packages/matlab/2011a/bin/glnxa64/libmwm_dispatcher.so
7f1d90e21000-7f1d91021000 ---p 0007e000 08:03 18747342                   /nerc/packages/matlab/2011a/bin/glnxa64/libmwm_dispatcher.so
7f1d91021000-7f1d91027000 rw-p 0007e000 08:03 18747342                   /nerc/packages/matlab/2011a/bin/glnxa64/libmwm_dispatcher.so
7f1d91027000-7f1d910a9000 r-xp 00000000 08:03 18747285                   /nerc/packages/matlab/2011a/bin/glnxa64/libmwmcr.so
7f1d910a9000-7f1d912a8000 ---p 00082000 08:03 18747285                   /nerc/packages/matlab/2011a/bin/glnxa64/libmwmcr.so
7f1d912a8000-7f1d912af000 rw-p 00081000 08:03 18747285                   /nerc/packages/matlab/2011a/bin/glnxa64/libmwmcr.so
7f1d912af000-7f1d912b3000 rw-p 00000000 00:00 0 
7f1d912b3000-7f1d912d9000 r-xp 00000000 08:03 18747295                   /nerc/packages/matlab/2011a/bin/glnxa64/libmwbridge.so
7f1d912d9000-7f1d914d9000 ---p 00026000 08:03 18747295                   /nerc/packages/matlab/2011a/bin/glnxa64/libmwbridge.so
7f1d914d9000-7f1d914dc000 rw-p 00026000 08:03 18747295                   /nerc/packages/matlab/2011a/bin/glnxa64/libmwbridge.so
7f1d914dc000-7f1d914e2000 rw-p 00000000 00:00 0 
7f1d914e2000-7f1d91540000 r-xp 00000000 08:03 18747277                   /nerc/packages/matlab/2011a/bin/glnxa64/libmwjmi.so
7f1d91540000-7f1d91740000 ---p 0005e000 08:03 18747277                   /nerc/packages/matlab/2011a/bin/glnxa64/libmwjmi.so
7f1d91740000-7f1d91744000 rw-p 0005e000 08:03 18747277                   /nerc/packages/matlab/2011a/bin/glnxa64/libmwjmi.so
7f1d91744000-7f1d91745000 rw-p 00000000 00:00 0 
7f1d91745000-7f1d9190c000 r-xp 00000000 08:03 18747333                   /nerc/packages/matlab/2011a/bin/glnxa64/libmwservices.so
7f1d9190c000-7f1d91b0b000 ---p 001c7000 08:03 18747333                   /nerc/packages/matlab/2011a/bin/glnxa64/libmwservices.so
7f1d91b0b000-7f1d91b1b000 rw-p 001c6000 08:03 18747333                   /nerc/packages/matlab/2011a/bin/glnxa64/libmwservices.so
7f1d91b1b000-7f1d91b2c000 rw-p 00000000 00:00 0 
7f1d91b2c000-7f1d91b64000 r-xp 00000000 08:03 18747281                   /nerc/packages/matlab/2011a/bin/glnxa64/libmwmpath.so
7f1d91b64000-7f1d91d64000 ---p 00038000 08:03 18747281                   /nerc/packages/matlab/2011a/bin/glnxa64/libmwmpath.so
7f1d91d64000-7f1d91d67000 rw-p 00038000 08:03 18747281                   /nerc/packages/matlab/2011a/bin/glnxa64/libmwmpath.so
7f1d91d67000-7f1d91d69000 rw-p 00000000 00:00 0 
7f1d91d69000-7f1d91ded000 r-xp 00000000 08:03 18747164                   /nerc/packages/matlab/2011a/bin/glnxa64/libmx.so
7f1d91ded000-7f1d91fec000 ---p 00084000 08:03 18747164                   /nerc/packages/matlab/2011a/bin/glnxa64/libmx.so
7f1d91fec000-7f1d91ff0000 rw-p 00083000 08:03 18747164                   /nerc/packages/matlab/2011a/bin/glnxa64/libmx.so
7f1d91ff0000-7f1d92084000 r-xp 00000000 08:03 18747169                   /nerc/packages/matlab/2011a/bin/glnxa64/libmwfl.so
7f1d92084000-7f1d92284000 ---p 00094000 08:03 18747169                   /nerc/packages/matlab/2011a/bin/glnxa64/libmwfl.so
7f1d92284000-7f1d9228b000 rw-p 00094000 08:03 18747169                   /nerc/packages/matlab/2011a/bin/glnxa64/libmwfl.so
7f1d9228b000-7f1d9229b000 rw-p 00000000 00:00 0 
7f1d9229b000-7f1d92371000 r-xp 00000000 08:03 18747163                   /nerc/packages/matlab/2011a/bin/glnxa64/libut.so
7f1d92371000-7f1d92571000 ---p 000d6000 08:03 18747163                   /nerc/packages/matlab/2011a/bin/glnxa64/libut.so
7f1d92571000-7f1d9257d000 rw-p 000d6000 08:03 18747163                   /nerc/packages/matlab/2011a/bin/glnxa64/libut.so
7f1d9257d000-7f1d92593000 rw-p 00000000 00:00 0 
7ffefca45000-7ffefca5a000 rwxp 00000000 00:00 0                          [stack]
7ffefca5a000-7ffefca5b000 rw-p 00000000 00:00 0 
7ffefcadf000-7ffefcae0000 r-xp 00000000 00:00 0                          [vdso]
ffffffffff600000-ffffffffff601000 r-xp 00000000 00:00 0                  [vsyscall]

VM Arguments:
jvm_args: -Xms64m -XX:NewRatio=3 -XX:MaxPermSize=128m -Xmx196m -XX:MaxDirectMemorySize=2147400000 -Djava.util.prefs.PreferencesFactory=com.mathworks.util.DisabledPreferencesFactory -XX:+AllowUserSignalHandlers -Xrs -Dsun.awt.disableMixing=true -Djava.library.path=/nerc/packages/matlab/2011a/bin/glnxa64 vfprintf abort -Dfile.encoding=ISO-8859-1 
java_command: <unknown>
Launcher Type: generic

Environment Variables:
PATH=.:/local/users/pstar/cruise/sw/python:/local/users/pstar/cruise/sw/uh_adcp/programs/pycurrents/data/nmea:/local/users/pstar/cruise/sw/uh_adcp/programs/pycurrents/adcp:/local/users/pstar/cruise/sw/uh_adcp/programs/codas3/bin/lnx64:/local/users/pstar/cruise/sw/ladcp/ix/geomag:/local/users/pstar/cruise/data/exec:/local/users/pstar/cruise/data/exec/commands:/local/users/pstar/cruise/data/exec/jcr:/sbin:/usr/lib64/qt-3.3/bin:/usr/local/bin:/bin:/usr/bin:/usr/X11R6/bin:/local/users/pstar/exec:/nerc/bin:/nerc/etc:/nerc/packages/local/bin:/nerc/packages/utilities/bin
LD_LIBRARY_PATH=/nerc/packages/matlab/2011a/sys/os/glnxa64:/nerc/packages/matlab/2011a/bin/glnxa64:/nerc/packages/matlab/2011a/extern/lib/glnxa64:/nerc/packages/matlab/2011a/sys/java/jre/glnxa64/jre/lib/amd64/native_threads:/nerc/packages/matlab/2011a/sys/java/jre/glnxa64/jre/lib/amd64/server:/nerc/packages/matlab/2011a/sys/java/jre/glnxa64/jre/lib/amd64
SHELL=/bin/tcsh
DISPLAY=localhost:13.0
HOSTTYPE=x86_64-linux
OSTYPE=linux
ARCH=glnxa64
MACHTYPE=x86_64

Signal Handlers:
SIGSEGV: [libjvm.so+0x6bddc0], sa_mask[0]=0x7ffbfeff, sa_flags=0x10000004
SIGBUS: [libjvm.so+0x6bddc0], sa_mask[0]=0x7ffbfeff, sa_flags=0x10000004
SIGFPE: [libjvm.so+0x594f90], sa_mask[0]=0x7ffbfeff, sa_flags=0x10000004
SIGPIPE: [libjvm.so+0x594f90], sa_mask[0]=0x7ffbfeff, sa_flags=0x10000004
SIGXFSZ: [libjvm.so+0x594f90], sa_mask[0]=0x7ffbfeff, sa_flags=0x10000004
SIGILL: [libjvm.so+0x594f90], sa_mask[0]=0x7ffbfeff, sa_flags=0x10000004
SIGUSR1: SIG_DFL, sa_mask[0]=0x00000000, sa_flags=0x00000000
SIGUSR2: [libjvm.so+0x597750], sa_mask[0]=0x08080002, sa_flags=0x10000004
SIGHUP: SIG_DFL, sa_mask[0]=0x00000000, sa_flags=0x00000000
SIGINT: SIG_DFL, sa_mask[0]=0x00000000, sa_flags=0x00000000
SIGTERM: SIG_DFL, sa_mask[0]=0x00000000, sa_flags=0x00000000
SIGQUIT: [libmwmcr.so+0x66470], sa_mask[0]=0x08080002, sa_flags=0x00000004


---------------  S Y S T E M  ---------------

OS:CentOS release 6.7 (Final)

uname:Linux 2.6.32-573.7.1.el6.x86_64 #1 SMP Tue Sep 22 22:00:00 UTC 2015 x86_64
libc:glibc 2.12 NPTL 2.12 
rlimit: STACK 10240k, CORE 0k, NPROC 1024, NOFILE 4096, AS infinity
load average:4.56 3.47 1.95

CPU:total 24 (16 cores per cpu, 2 threads per core) family 6 model 62 stepping 4, cmov, cx8, fxsr, mmx, sse, sse2, sse3, ssse3, sse4.1, sse4.2, ht

Memory: 4k page, physical 65945032k(1103952k free), swap 100663292k(100310208k free)

vm_info: Java HotSpot(TM) 64-Bit Server VM (14.3-b01) for linux-amd64 JRE (1.6.0_17-b04), built on Oct 11 2009 01:08:48 by "java_re" with gcc 3.2.2 (SuSE Linux)

time: Fri Mar 30 12:39:11 2018
elapsed time: 0 seconds

