#
# A fatal error has been detected by the Java Runtime Environment:
#
# java.lang.OutOfMemoryError: Cannot create GC thread. Out of system resources.
#
#  Internal Error (gcTaskThread.cpp:38), pid=23145, tid=140241235707648
#  Error: Cannot create GC thread. Out of system resources.
#
# JRE version: 6.0_17-b04
# Java VM: Java HotSpot(TM) 64-Bit Server VM (14.3-b01 mixed mode linux-amd64 )
# If you would like to submit a bug report, please visit:
#   http://java.sun.com/webapps/bugreport/crash.jsp
#

---------------  T H R E A D  ---------------

Current thread (0x00007f8c6802d800):  JavaThread "Unknown thread" [_thread_in_vm, id=23213, stack(0x00007f8c74698000,0x00007f8c75099000)]

Stack: [0x00007f8c74698000,0x00007f8c75099000],  sp=0x00007f8c75096c60,  free space=10235k
Native frames: (J=compiled Java code, j=interpreted, Vv=VM code, C=native code)
V  [libjvm.so+0x6bd1ef]
V  [libjvm.so+0x2be6c8]
V  [libjvm.so+0x33a2fd]
V  [libjvm.so+0x338e3e]
V  [libjvm.so+0x338bd3]
V  [libjvm.so+0x5a87c7]
V  [libjvm.so+0x697695]
V  [libjvm.so+0x69732a]
V  [libjvm.so+0x377cd0]
V  [libjvm.so+0x67f5af]
V  [libjvm.so+0x3def30]
C  [libmwjmi.so+0x37cd0]  _Z9InitSunVMv+0xa20
C  [libmwjmi.so+0x3883e]
C  [libmwjmi.so+0x26879]  _Z7mljInitv+0x19
C  [libmwmcr.so+0x3db2a]
C  [libmwmcr.so+0x305bf]
C  [libmwmcr.so+0x30d6f]


---------------  P R O C E S S  ---------------

Java Threads: ( => current thread )

Other Threads:

=>0x00007f8c6802d800 (exited) JavaThread "Unknown thread" [_thread_in_vm, id=23213, stack(0x00007f8c74698000,0x00007f8c75099000)]

VM state:not at safepoint (not fully initialized)

VM Mutex/Monitor currently owned by a thread: None

Dynamic libraries:
00400000-00403000 r-xp 00000000 08:03 18747267                           /nerc/packages/matlab/2011a/bin/glnxa64/MATLAB
00603000-00604000 rw-p 00003000 08:03 18747267                           /nerc/packages/matlab/2011a/bin/glnxa64/MATLAB
012f0000-013f7000 rw-p 00000000 00:00 0                                  [heap]
39f4800000-39f4820000 r-xp 00000000 08:02 3680655                        /lib64/ld-2.12.so
39f4a1f000-39f4a20000 r--p 0001f000 08:02 3680655                        /lib64/ld-2.12.so
39f4a20000-39f4a21000 rw-p 00020000 08:02 3680655                        /lib64/ld-2.12.so
39f4a21000-39f4a22000 rw-p 00000000 00:00 0 
39f4c00000-39f4d8a000 r-xp 00000000 08:02 3692140                        /lib64/libc-2.12.so
39f4d8a000-39f4f8a000 ---p 0018a000 08:02 3692140                        /lib64/libc-2.12.so
39f4f8a000-39f4f8e000 r--p 0018a000 08:02 3692140                        /lib64/libc-2.12.so
39f4f8e000-39f4f8f000 rw-p 0018e000 08:02 3692140                        /lib64/libc-2.12.so
39f4f8f000-39f4f94000 rw-p 00000000 00:00 0 
39f5000000-39f5017000 r-xp 00000000 08:02 3692187                        /lib64/libpthread-2.12.so
39f5017000-39f5217000 ---p 00017000 08:02 3692187                        /lib64/libpthread-2.12.so
39f5217000-39f5218000 r--p 00017000 08:02 3692187                        /lib64/libpthread-2.12.so
39f5218000-39f5219000 rw-p 00018000 08:02 3692187                        /lib64/libpthread-2.12.so
39f5219000-39f521d000 rw-p 00000000 00:00 0 
39f5400000-39f5402000 r-xp 00000000 08:02 3671426                        /lib64/libdl-2.12.so
39f5402000-39f5602000 ---p 00002000 08:02 3671426                        /lib64/libdl-2.12.so
39f5602000-39f5603000 r--p 00002000 08:02 3671426                        /lib64/libdl-2.12.so
39f5603000-39f5604000 rw-p 00003000 08:02 3671426                        /lib64/libdl-2.12.so
39f5800000-39f5883000 r-xp 00000000 08:02 3692183                        /lib64/libm-2.12.so
39f5883000-39f5a82000 ---p 00083000 08:02 3692183                        /lib64/libm-2.12.so
39f5a82000-39f5a83000 r--p 00082000 08:02 3692183                        /lib64/libm-2.12.so
39f5a83000-39f5a84000 rw-p 00083000 08:02 3692183                        /lib64/libm-2.12.so
39f5c00000-39f5c15000 r-xp 00000000 08:02 3692184                        /lib64/libz.so.1.2.3
39f5c15000-39f5e14000 ---p 00015000 08:02 3692184                        /lib64/libz.so.1.2.3
39f5e14000-39f5e15000 r--p 00014000 08:02 3692184                        /lib64/libz.so.1.2.3
39f5e15000-39f5e16000 rw-p 00015000 08:02 3692184                        /lib64/libz.so.1.2.3
39f6000000-39f6007000 r-xp 00000000 08:02 3692197                        /lib64/librt-2.12.so
39f6007000-39f6206000 ---p 00007000 08:02 3692197                        /lib64/librt-2.12.so
39f6206000-39f6207000 r--p 00006000 08:02 3692197                        /lib64/librt-2.12.so
39f6207000-39f6208000 rw-p 00007000 08:02 3692197                        /lib64/librt-2.12.so
39f6600000-39f6608000 r-xp 00000000 08:02 3153629                        /usr/lib64/libXp.so.6.2.0
39f6608000-39f6807000 ---p 00008000 08:02 3153629                        /usr/lib64/libXp.so.6.2.0
39f6807000-39f6808000 rw-p 00007000 08:02 3153629                        /usr/lib64/libXp.so.6.2.0
39f7c00000-39f7d37000 r-xp 00000000 08:02 3172193                        /usr/lib64/libX11.so.6.3.0
39f7d37000-39f7f37000 ---p 00137000 08:02 3172193                        /usr/lib64/libX11.so.6.3.0
39f7f37000-39f7f3d000 rw-p 00137000 08:02 3172193                        /usr/lib64/libX11.so.6.3.0
39f8000000-39f8002000 r-xp 00000000 08:02 3146424                        /usr/lib64/libXau.so.6.0.0
39f8002000-39f8202000 ---p 00002000 08:02 3146424                        /usr/lib64/libXau.so.6.0.0
39f8202000-39f8203000 rw-p 00002000 08:02 3146424                        /usr/lib64/libXau.so.6.0.0
39f8400000-39f841e000 r-xp 00000000 08:02 3172192                        /usr/lib64/libxcb.so.1.1.0
39f841e000-39f861d000 ---p 0001e000 08:02 3172192                        /usr/lib64/libxcb.so.1.1.0
39f861d000-39f861e000 rw-p 0001d000 08:02 3172192                        /usr/lib64/libxcb.so.1.1.0
39f8c00000-39f8c11000 r-xp 00000000 08:02 3172194                        /usr/lib64/libXext.so.6.4.0
39f8c11000-39f8e11000 ---p 00011000 08:02 3172194                        /usr/lib64/libXext.so.6.4.0
39f8e11000-39f8e12000 rw-p 00011000 08:02 3172194                        /usr/lib64/libXext.so.6.4.0
39fb000000-39fb004000 r-xp 00000000 08:02 3670233                        /lib64/libuuid.so.1.3.0
39fb004000-39fb203000 ---p 00004000 08:02 3670233                        /lib64/libuuid.so.1.3.0
39fb203000-39fb204000 rw-p 00003000 08:02 3670233                        /lib64/libuuid.so.1.3.0
39fc800000-39fc822000 r-xp 00000000 08:02 3692223                        /lib64/libncurses.so.5.7
39fc822000-39fca21000 ---p 00022000 08:02 3692223                        /lib64/libncurses.so.5.7
39fca21000-39fca22000 rw-p 00021000 08:02 3692223                        /lib64/libncurses.so.5.7
39fd800000-39fd817000 r-xp 00000000 08:02 3172195                        /usr/lib64/libICE.so.6.3.0
39fd817000-39fda17000 ---p 00017000 08:02 3172195                        /usr/lib64/libICE.so.6.3.0
39fda17000-39fda18000 rw-p 00017000 08:02 3172195                        /usr/lib64/libICE.so.6.3.0
39fda18000-39fda1c000 rw-p 00000000 00:00 0 
39fdc00000-39fdc07000 r-xp 00000000 08:02 3172196                        /usr/lib64/libSM.so.6.0.1
39fdc07000-39fde07000 ---p 00007000 08:02 3172196                        /usr/lib64/libSM.so.6.0.1
39fde07000-39fde08000 rw-p 00007000 08:02 3172196                        /usr/lib64/libSM.so.6.0.1
39fe400000-39fe41d000 r-xp 00000000 08:02 3692222                        /lib64/libtinfo.so.5.7
39fe41d000-39fe61c000 ---p 0001d000 08:02 3692222                        /lib64/libtinfo.so.5.7
39fe61c000-39fe620000 rw-p 0001c000 08:02 3692222                        /lib64/libtinfo.so.5.7
39fe620000-39fe621000 rw-p 00000000 00:00 0 
3a02000000-3a02011000 r-xp 00000000 08:02 3157337                        /usr/lib64/libXpm.so.4.11.0
3a02011000-3a02210000 ---p 00011000 08:02 3157337                        /usr/lib64/libXpm.so.4.11.0
3a02210000-3a02211000 rw-p 00010000 08:02 3157337                        /usr/lib64/libXpm.so.4.11.0
3a03a00000-3a03a02000 r-xp 00000000 08:02 3692211                        /lib64/libfreebl3.so
3a03a02000-3a03c01000 ---p 00002000 08:02 3692211                        /lib64/libfreebl3.so
3a03c01000-3a03c02000 r--p 00001000 08:02 3692211                        /lib64/libfreebl3.so
3a03c02000-3a03c03000 rw-p 00002000 08:02 3692211                        /lib64/libfreebl3.so
3a03e00000-3a03e07000 r-xp 00000000 08:02 3692212                        /lib64/libcrypt-2.12.so
3a03e07000-3a04007000 ---p 00007000 08:02 3692212                        /lib64/libcrypt-2.12.so
3a04007000-3a04008000 r--p 00007000 08:02 3692212                        /lib64/libcrypt-2.12.so
3a04008000-3a04009000 rw-p 00008000 08:02 3692212                        /lib64/libcrypt-2.12.so
3a04009000-3a04037000 rw-p 00000000 00:00 0 
3a04a00000-3a04a16000 r-xp 00000000 08:02 3670162                        /lib64/libnsl-2.12.so
3a04a16000-3a04c15000 ---p 00016000 08:02 3670162                        /lib64/libnsl-2.12.so
3a04c15000-3a04c16000 r--p 00015000 08:02 3670162                        /lib64/libnsl-2.12.so
3a04c16000-3a04c17000 rw-p 00016000 08:02 3670162                        /lib64/libnsl-2.12.so
3a04c17000-3a04c19000 rw-p 00000000 00:00 0 
3a09a00000-3a09a5f000 r-xp 00000000 08:02 3172197                        /usr/lib64/libXt.so.6.0.0
3a09a5f000-3a09c5e000 ---p 0005f000 08:02 3172197                        /usr/lib64/libXt.so.6.0.0
3a09c5e000-3a09c64000 rw-p 0005e000 08:02 3172197                        /usr/lib64/libXt.so.6.0.0
3a09c64000-3a09c65000 rw-p 00000000 00:00 0 
7f8c18000000-7f8c18021000 rw-p 00000000 00:00 0 
7f8c18021000-7f8c1c000000 ---p 00000000 00:00 0 
7f8c1c000000-7f8c1c021000 rw-p 00000000 00:00 0 
7f8c1c021000-7f8c20000000 ---p 00000000 00:00 0 
7f8c20000000-7f8c20021000 rw-p 00000000 00:00 0 
7f8c20021000-7f8c24000000 ---p 00000000 00:00 0 
7f8c24000000-7f8c24021000 rw-p 00000000 00:00 0 
7f8c24021000-7f8c28000000 ---p 00000000 00:00 0 
7f8c28000000-7f8c28021000 rw-p 00000000 00:00 0 
7f8c28021000-7f8c2c000000 ---p 00000000 00:00 0 
7f8c2c000000-7f8c2c021000 rw-p 00000000 00:00 0 
7f8c2c021000-7f8c30000000 ---p 00000000 00:00 0 
7f8c30000000-7f8c30021000 rw-p 00000000 00:00 0 
7f8c30021000-7f8c34000000 ---p 00000000 00:00 0 
7f8c34000000-7f8c34021000 rw-p 00000000 00:00 0 
7f8c34021000-7f8c38000000 ---p 00000000 00:00 0 
7f8c38000000-7f8c38021000 rw-p 00000000 00:00 0 
7f8c38021000-7f8c3c000000 ---p 00000000 00:00 0 
7f8c3c000000-7f8c3c021000 rw-p 00000000 00:00 0 
7f8c3c021000-7f8c40000000 ---p 00000000 00:00 0 
7f8c40000000-7f8c40021000 rw-p 00000000 00:00 0 
7f8c40021000-7f8c44000000 ---p 00000000 00:00 0 
7f8c47c00000-7f8c490c0000 rwxp 00000000 00:00 0 
7f8c490c0000-7f8c4fc00000 rwxp 00000000 00:00 0 
7f8c4fc00000-7f8c52c00000 rwxp 00000000 00:00 0 
7f8c52c00000-7f8c58f00000 rwxp 00000000 00:00 0 
7f8c58f00000-7f8c59f00000 rwxp 00000000 00:00 0 
7f8c59f00000-7f8c5c000000 rwxp 00000000 00:00 0 
7f8c5c000000-7f8c5c021000 rw-p 00000000 00:00 0 
7f8c5c021000-7f8c60000000 ---p 00000000 00:00 0 
7f8c61000000-7f8c61270000 rwxp 00000000 00:00 0 
7f8c61270000-7f8c64000000 rwxp 00000000 00:00 0 
7f8c64000000-7f8c64021000 rw-p 00000000 00:00 0 
7f8c64021000-7f8c68000000 ---p 00000000 00:00 0 
7f8c68000000-7f8c6816b000 rw-p 00000000 00:00 0 
7f8c6816b000-7f8c6c000000 ---p 00000000 00:00 0 
7f8c6c930000-7f8c6c931000 ---p 00000000 00:00 0 
7f8c6c931000-7f8c6ca31000 rwxp 00000000 00:00 0 
7f8c6ca31000-7f8c6ca32000 ---p 00000000 00:00 0 
7f8c6ca32000-7f8c6cb32000 rwxp 00000000 00:00 0 
7f8c6cb32000-7f8c6cb33000 ---p 00000000 00:00 0 
7f8c6cb33000-7f8c6cc33000 rwxp 00000000 00:00 0 
7f8c6cc33000-7f8c6cc34000 ---p 00000000 00:00 0 
7f8c6cc34000-7f8c6cd34000 rwxp 00000000 00:00 0 
7f8c6cd34000-7f8c6cd35000 ---p 00000000 00:00 0 
7f8c6cd35000-7f8c6ce35000 rwxp 00000000 00:00 0 
7f8c6ce35000-7f8c6ce36000 ---p 00000000 00:00 0 
7f8c6ce36000-7f8c6cf36000 rwxp 00000000 00:00 0 
7f8c6cf36000-7f8c6cf37000 ---p 00000000 00:00 0 
7f8c6cf37000-7f8c6d037000 rwxp 00000000 00:00 0 
7f8c6d037000-7f8c6d038000 ---p 00000000 00:00 0 
7f8c6d038000-7f8c6d138000 rwxp 00000000 00:00 0 
7f8c6d138000-7f8c6d139000 ---p 00000000 00:00 0 
7f8c6d139000-7f8c6d239000 rwxp 00000000 00:00 0 
7f8c6d239000-7f8c6d23a000 ---p 00000000 00:00 0 
7f8c6d23a000-7f8c6d33a000 rwxp 00000000 00:00 0 
7f8c6d33a000-7f8c6d33b000 ---p 00000000 00:00 0 
7f8c6d33b000-7f8c6d43b000 rwxp 00000000 00:00 0 
7f8c6d43b000-7f8c6d43c000 ---p 00000000 00:00 0 
7f8c6d43c000-7f8c6d53c000 rwxp 00000000 00:00 0 
7f8c6d53c000-7f8c6d53d000 ---p 00000000 00:00 0 
7f8c6d53d000-7f8c6d655000 rwxp 00000000 00:00 0 
7f8c6d655000-7f8c6d687000 rwxp 00000000 00:00 0 
7f8c6d687000-7f8c6d692000 rwxp 00000000 00:00 0 
7f8c6d692000-7f8c6d6c7000 rwxp 00000000 00:00 0 
7f8c6d6c7000-7f8c6d6df000 rwxp 00000000 00:00 0 
7f8c6d6df000-7f8c6d710000 rwxp 00000000 00:00 0 
7f8c6d710000-7f8c6d719000 rwxp 00000000 00:00 0 
7f8c6d719000-7f8c6d729000 rwxp 00000000 00:00 0 
7f8c6d729000-7f8c6d734000 rwxp 00000000 00:00 0 
7f8c6d734000-7f8c6d7ea000 rwxp 00000000 00:00 0 
7f8c6d7ea000-7f8c6df48000 r-xp 00000000 08:03 21631158                   /nerc/packages/matlab/2011a/sys/java/jre/glnxa64/jre/lib/amd64/server/libjvm.so
7f8c6df48000-7f8c6e047000 ---p 0075e000 08:03 21631158                   /nerc/packages/matlab/2011a/sys/java/jre/glnxa64/jre/lib/amd64/server/libjvm.so
7f8c6e047000-7f8c6e1bf000 rw-p 0075d000 08:03 21631158                   /nerc/packages/matlab/2011a/sys/java/jre/glnxa64/jre/lib/amd64/server/libjvm.so
7f8c6e1bf000-7f8c6e1fd000 rw-p 00000000 00:00 0 
7f8c6e1fd000-7f8c6e1fe000 ---p 00000000 00:00 0 
7f8c6e1fe000-7f8c6ebfe000 rwxp 00000000 00:00 0 
7f8c6ebfe000-7f8c6ebff000 ---p 00000000 00:00 0 
7f8c6ebff000-7f8c6f5ff000 rwxp 00000000 00:00 0 
7f8c6f5ff000-7f8c6f600000 ---p 00000000 00:00 0 
7f8c6f600000-7f8c70000000 rwxp 00000000 00:00 0 
7f8c70000000-7f8c70021000 rw-p 00000000 00:00 0 
7f8c70021000-7f8c74000000 ---p 00000000 00:00 0 
7f8c74006000-7f8c74011000 rwxp 00000000 00:00 0 
7f8c74011000-7f8c74046000 rwxp 00000000 00:00 0 
7f8c74046000-7f8c74054000 r-xp 00000000 08:03 21630888                   /nerc/packages/matlab/2011a/sys/java/jre/glnxa64/jre/lib/amd64/libzip.so
7f8c74054000-7f8c74156000 ---p 0000e000 08:03 21630888                   /nerc/packages/matlab/2011a/sys/java/jre/glnxa64/jre/lib/amd64/libzip.so
7f8c74156000-7f8c74159000 rw-p 00010000 08:03 21630888                   /nerc/packages/matlab/2011a/sys/java/jre/glnxa64/jre/lib/amd64/libzip.so
7f8c74159000-7f8c7415a000 rw-p 00000000 00:00 0 
7f8c7415a000-7f8c74161000 r-xp 00000000 08:03 21631102                   /nerc/packages/matlab/2011a/sys/java/jre/glnxa64/jre/lib/amd64/native_threads/libhpi.so
7f8c74161000-7f8c74262000 ---p 00007000 08:03 21631102                   /nerc/packages/matlab/2011a/sys/java/jre/glnxa64/jre/lib/amd64/native_threads/libhpi.so
7f8c74262000-7f8c74264000 rw-p 00008000 08:03 21631102                   /nerc/packages/matlab/2011a/sys/java/jre/glnxa64/jre/lib/amd64/native_threads/libhpi.so
7f8c74264000-7f8c74265000 rw-p 00000000 00:00 0 
7f8c74265000-7f8c74272000 r-xp 00000000 08:03 21631121                   /nerc/packages/matlab/2011a/sys/java/jre/glnxa64/jre/lib/amd64/libverify.so
7f8c74272000-7f8c74371000 ---p 0000d000 08:03 21631121                   /nerc/packages/matlab/2011a/sys/java/jre/glnxa64/jre/lib/amd64/libverify.so
7f8c74371000-7f8c74374000 rw-p 0000c000 08:03 21631121                   /nerc/packages/matlab/2011a/sys/java/jre/glnxa64/jre/lib/amd64/libverify.so
7f8c74374000-7f8c7439d000 r-xp 00000000 08:03 21630946                   /nerc/packages/matlab/2011a/sys/java/jre/glnxa64/jre/lib/amd64/libjava.so
7f8c7439d000-7f8c7449c000 ---p 00029000 08:03 21630946                   /nerc/packages/matlab/2011a/sys/java/jre/glnxa64/jre/lib/amd64/libjava.so
7f8c7449c000-7f8c744a3000 rw-p 00028000 08:03 21630946                   /nerc/packages/matlab/2011a/sys/java/jre/glnxa64/jre/lib/amd64/libjava.so
7f8c744a3000-7f8c744a4000 r--p 00000000 08:02 3146442                    /usr/share/locale/en_GB/LC_MESSAGES/libc.mo
7f8c744bf000-7f8c744f4000 r--s 00000000 08:02 134363                     /var/db/nscd/passwd
7f8c744f6000-7f8c74698000 rw-p 00000000 00:00 0 
7f8c74698000-7f8c7469b000 ---p 00000000 00:00 0 
7f8c7469b000-7f8c75099000 rwxp 00000000 00:00 0 
7f8c75099000-7f8c7509a000 ---p 00000000 00:00 0 
7f8c7509a000-7f8c7586a000 rwxp 00000000 00:00 0 
7f8c7586a000-7f8c7b6fb000 r--p 00000000 08:02 3158713                    /usr/lib/locale/locale-archive
7f8c7b6fb000-7f8c7b705000 rw-p 00000000 00:00 0 
7f8c7b705000-7f8c7b71d000 r-xp 00000000 08:02 3162299                    /usr/lib64/libXmu.so.6.2.0
7f8c7b71d000-7f8c7b91d000 ---p 00018000 08:02 3162299                    /usr/lib64/libXmu.so.6.2.0
7f8c7b91d000-7f8c7b91f000 rw-p 00018000 08:02 3162299                    /usr/lib64/libXmu.so.6.2.0
7f8c7b91f000-7f8c7b920000 rw-p 00000000 00:00 0 
7f8c7b920000-7f8c7b924000 r-xp 00000000 08:03 18747279                   /nerc/packages/matlab/2011a/bin/glnxa64/libmwompwrapper.so
7f8c7b924000-7f8c7bb23000 ---p 00004000 08:03 18747279                   /nerc/packages/matlab/2011a/bin/glnxa64/libmwompwrapper.so
7f8c7bb23000-7f8c7bb24000 rw-p 00003000 08:03 18747279                   /nerc/packages/matlab/2011a/bin/glnxa64/libmwompwrapper.so
7f8c7bb24000-7f8c7bb2d000 r-xp 00000000 08:03 18747271                   /nerc/packages/matlab/2011a/bin/glnxa64/libmwbinder.so
7f8c7bb2d000-7f8c7bd2c000 ---p 00009000 08:03 18747271                   /nerc/packages/matlab/2011a/bin/glnxa64/libmwbinder.so
7f8c7bd2c000-7f8c7bd2d000 rw-p 00008000 08:03 18747271                   /nerc/packages/matlab/2011a/bin/glnxa64/libmwbinder.so
7f8c7bd2d000-7f8c7bd2e000 rw-p 00000000 00:00 0 
7f8c7bd2e000-7f8c7c193000 r-xp 00000000 08:03 18747204                   /nerc/packages/matlab/2011a/bin/glnxa64/libhdf5.so.6.0.2
7f8c7c193000-7f8c7c392000 ---p 00465000 08:03 18747204                   /nerc/packages/matlab/2011a/bin/glnxa64/libhdf5.so.6.0.2
7f8c7c392000-7f8c7c39c000 rw-p 00464000 08:03 18747204                   /nerc/packages/matlab/2011a/bin/glnxa64/libhdf5.so.6.0.2
7f8c7c39c000-7f8c7c39f000 rw-p 00000000 00:00 0 
7f8c7c39f000-7f8c7c3bd000 r-xp 00000000 08:03 18747205                   /nerc/packages/matlab/2011a/bin/glnxa64/libhdf5_hl.so.6.0.2
7f8c7c3bd000-7f8c7c5bd000 ---p 0001e000 08:03 18747205                   /nerc/packages/matlab/2011a/bin/glnxa64/libhdf5_hl.so.6.0.2
7f8c7c5bd000-7f8c7c5be000 rw-p 0001e000 08:03 18747205                   /nerc/packages/matlab/2011a/bin/glnxa64/libhdf5_hl.so.6.0.2
7f8c7c5be000-7f8c7c5d1000 rw-p 00000000 00:00 0 
7f8c7c5d1000-7f8c7c852000 r-xp 00000000 08:03 21631258                   /nerc/packages/matlab/2011a/sys/os/glnxa64/libXm.so.3.0.2
7f8c7c852000-7f8c7ca52000 ---p 00281000 08:03 21631258                   /nerc/packages/matlab/2011a/sys/os/glnxa64/libXm.so.3.0.2
7f8c7ca52000-7f8c7ca7c000 rw-p 00281000 08:03 21631258                   /nerc/packages/matlab/2011a/sys/os/glnxa64/libXm.so.3.0.2
7f8c7ca7c000-7f8c7ca7d000 rw-p 00000000 00:00 0 
7f8c7ca7d000-7f8c7cb26000 r-xp 00000000 08:03 18747304                   /nerc/packages/matlab/2011a/bin/glnxa64/libmwlapack.so
7f8c7cb26000-7f8c7cd25000 ---p 000a9000 08:03 18747304                   /nerc/packages/matlab/2011a/bin/glnxa64/libmwlapack.so
7f8c7cd25000-7f8c7cd2e000 rw-p 000a8000 08:03 18747304                   /nerc/packages/matlab/2011a/bin/glnxa64/libmwlapack.so
7f8c7cd2e000-7f8c7cd2f000 rw-p 00000000 00:00 0 
7f8c7cd2f000-7f8c7cf5b000 r-xp 00000000 08:03 18747288                   /nerc/packages/matlab/2011a/bin/glnxa64/libmwhgdatatypes.so
7f8c7cf5b000-7f8c7d15a000 ---p 0022c000 08:03 18747288                   /nerc/packages/matlab/2011a/bin/glnxa64/libmwhgdatatypes.so
7f8c7d15a000-7f8c7d177000 rw-p 0022b000 08:03 18747288                   /nerc/packages/matlab/2011a/bin/glnxa64/libmwhgdatatypes.so
7f8c7d177000-7f8c7d178000 rw-p 00000000 00:00 0 
7f8c7d178000-7f8c7d1a3000 r-xp 00000000 08:03 18747355                   /nerc/packages/matlab/2011a/bin/glnxa64/libmwhardcopy.so
7f8c7d1a3000-7f8c7d3a2000 ---p 0002b000 08:03 18747355                   /nerc/packages/matlab/2011a/bin/glnxa64/libmwhardcopy.so
7f8c7d3a2000-7f8c7d3a4000 rw-p 0002a000 08:03 18747355                   /nerc/packages/matlab/2011a/bin/glnxa64/libmwhardcopy.so
7f8c7d3a4000-7f8c7d3a6000 rw-p 00000000 00:00 0 
7f8c7d3a6000-7f8c7d3b6000 r-xp 00000000 08:03 18747324                   /nerc/packages/matlab/2011a/bin/glnxa64/libmwgraphics_util.so
7f8c7d3b6000-7f8c7d5b5000 ---p 00010000 08:03 18747324                   /nerc/packages/matlab/2011a/bin/glnxa64/libmwgraphics_util.so
7f8c7d5b5000-7f8c7d5b7000 rw-p 0000f000 08:03 18747324                   /nerc/packages/matlab/2011a/bin/glnxa64/libmwgraphics_util.so
7f8c7d5b7000-7f8c7d5ca000 r-xp 00000000 08:03 18747312                   /nerc/packages/matlab/2011a/bin/glnxa64/libmwir_xfmr.so
7f8c7d5ca000-7f8c7d7ca000 ---p 00013000 08:03 18747312                   /nerc/packages/matlab/2011a/bin/glnxa64/libmwir_xfmr.so
7f8c7d7ca000-7f8c7d7cb000 rw-p 00013000 08:03 18747312                   /nerc/packages/matlab/2011a/bin/glnxa64/libmwir_xfmr.so
7f8c7d7cb000-7f8c7d7ce000 rw-p 00000000 00:00 0 
7f8c7d7ce000-7f8c7d82e000 r-xp 00000000 08:03 18747290                   /nerc/packages/matlab/2011a/bin/glnxa64/libmwspmatrix.so
7f8c7d82e000-7f8c7da2e000 ---p 00060000 08:03 18747290                   /nerc/packages/matlab/2011a/bin/glnxa64/libmwspmatrix.so
7f8c7da2e000-7f8c7da2f000 rw-p 00060000 08:03 18747290                   /nerc/packages/matlab/2011a/bin/glnxa64/libmwspmatrix.so
7f8c7da2f000-7f8c7da4e000 r-xp 00000000 08:03 18747307                   /nerc/packages/matlab/2011a/bin/glnxa64/libmwm_pcodegen.so
7f8c7da4e000-7f8c7dc4e000 ---p 0001f000 08:03 18747307                   /nerc/packages/matlab/2011a/bin/glnxa64/libmwm_pcodegen.so
7f8c7dc4e000-7f8c7dc50000 rw-p 0001f000 08:03 18747307                   /nerc/packages/matlab/2011a/bin/glnxa64/libmwm_pcodegen.so
7f8c7dc50000-7f8c7dc51000 rw-p 00000000 00:00 0 
7f8c7dc51000-7f8c7dc67000 r-xp 00000000 08:03 18747343                   /nerc/packages/matlab/2011a/bin/glnxa64/libmwm_pcodeio.so
7f8c7dc67000-7f8c7de66000 ---p 00016000 08:03 18747343                   /nerc/packages/matlab/2011a/bin/glnxa64/libmwm_pcodeio.so
7f8c7de66000-7f8c7de68000 rw-p 00015000 08:03 18747343                   /nerc/packages/matlab/2011a/bin/glnxa64/libmwm_pcodeio.so
7f8c7de68000-7f8c7de76000 r-xp 00000000 08:03 18747274                   /nerc/packages/matlab/2011a/bin/glnxa64/libmwmlib.so
7f8c7de76000-7f8c7e075000 ---p 0000e000 08:03 18747274                   /nerc/packages/matlab/2011a/bin/glnxa64/libmwmlib.so
7f8c7e075000-7f8c7e077000 rw-p 0000d000 08:03 18747274                   /nerc/packages/matlab/2011a/bin/glnxa64/libmwmlib.so
7f8c7e077000-7f8c7e099000 r-xp 00000000 08:03 18747336                   /nerc/packages/matlab/2011a/bin/glnxa64/libmwmathrng.so
7f8c7e099000-7f8c7e299000 ---p 00022000 08:03 18747336                   /nerc/packages/matlab/2011a/bin/glnxa64/libmwmathrng.so
7f8c7e299000-7f8c7e29b000 rw-p 00022000 08:03 18747336                   /nerc/packages/matlab/2011a/bin/glnxa64/libmwmathrng.so
7f8c7e29b000-7f8c7e29e000 rw-p 00000000 00:00 0 
7f8c7e29e000-7f8c7e2db000 r-xp 00000000 08:03 18747353                   /nerc/packages/matlab/2011a/bin/glnxa64/libmwprofiler.so
7f8c7e2db000-7f8c7e4db000 ---p 0003d000 08:03 18747353                   /nerc/packages/matlab/2011a/bin/glnxa64/libmwprofiler.so
7f8c7e4db000-7f8c7e4de000 rw-p 0003d000 08:03 18747353                   /nerc/packages/matlab/2011a/bin/glnxa64/libmwprofiler.so
7f8c7e4de000-7f8c7e517000 r-xp 00000000 08:03 18747166                   /nerc/packages/matlab/2011a/bin/glnxa64/libmat.so
7f8c7e517000-7f8c7e716000 ---p 00039000 08:03 18747166                   /nerc/packages/matlab/2011a/bin/glnxa64/libmat.so
7f8c7e716000-7f8c7e719000 rw-p 00038000 08:03 18747166                   /nerc/packages/matlab/2011a/bin/glnxa64/libmat.so
7f8c7e719000-7f8c7e71a000 rw-p 00000000 00:00 0 
7f8c7e71a000-7f8c7ead5000 r-xp 00000000 08:03 18747172                   /nerc/packages/matlab/2011a/bin/glnxa64/libxerces-c.so.27.0
7f8c7ead5000-7f8c7ecd4000 ---p 003bb000 08:03 18747172                   /nerc/packages/matlab/2011a/bin/glnxa64/libxerces-c.so.27.0
7f8c7ecd4000-7f8c7ed18000 rw-p 003ba000 08:03 18747172                   /nerc/packages/matlab/2011a/bin/glnxa64/libxerces-c.so.27.0
7f8c7ed18000-7f8c7ed19000 rw-p 00000000 00:00 0 
7f8c7ed19000-7f8c7ed8a000 r-xp 00000000 08:03 18747306                   /nerc/packages/matlab/2011a/bin/glnxa64/libmwxmlcore.so
7f8c7ed8a000-7f8c7ef8a000 ---p 00071000 08:03 18747306                   /nerc/packages/matlab/2011a/bin/glnxa64/libmwxmlcore.so
7f8c7ef8a000-7f8c7ef92000 rw-p 00071000 08:03 18747306                   /nerc/packages/matlab/2011a/bin/glnxa64/libmwxmlcore.so
7f8c7ef92000-7f8c7ef93000 rw-p 00000000 00:00 0 
7f8c7ef93000-7f8c7ef9c000 r-xp 00000000 08:03 18747394                   /nerc/packages/matlab/2011a/bin/glnxa64/libboost_iostreams.so.1.40.0
7f8c7ef9c000-7f8c7f19b000 ---p 00009000 08:03 18747394                   /nerc/packages/matlab/2011a/bin/glnxa64/libboost_iostreams.so.1.40.0
7f8c7f19b000-7f8c7f19c000 rw-p 00008000 08:03 18747394                   /nerc/packages/matlab/2011a/bin/glnxa64/libboost_iostreams.so.1.40.0
7f8c7f19c000-7f8c7f19d000 rw-p 00000000 00:00 0 
7f8c7f19d000-7f8c7f30b000 r-xp 00000000 08:03 18747348                   /nerc/packages/matlab/2011a/bin/glnxa64/libmwuix.so
7f8c7f30b000-7f8c7f50a000 ---p 0016e000 08:03 18747348                   /nerc/packages/matlab/2011a/bin/glnxa64/libmwuix.so
7f8c7f50a000-7f8c7f51f000 rw-p 0016d000 08:03 18747348                   /nerc/packages/matlab/2011a/bin/glnxa64/libmwuix.so
7f8c7f51f000-7f8c7f524000 rw-p 00000000 00:00 0 
7f8c7f524000-7f8c7f578000 r-xp 00000000 08:03 18747323                   /nerc/packages/matlab/2011a/bin/glnxa64/libmwm_ir.so
7f8c7f578000-7f8c7f777000 ---p 00054000 08:03 18747323                   /nerc/packages/matlab/2011a/bin/glnxa64/libmwm_ir.so
7f8c7f777000-7f8c7f77f000 rw-p 00053000 08:03 18747323                   /nerc/packages/matlab/2011a/bin/glnxa64/libmwm_ir.so
7f8c7f77f000-7f8c7f780000 rw-p 00000000 00:00 0 
7f8c7f780000-7f8c7f785000 r-xp 00000000 08:03 18747352                   /nerc/packages/matlab/2011a/bin/glnxa64/libmwuinone.so
7f8c7f785000-7f8c7f985000 ---p 00005000 08:03 18747352                   /nerc/packages/matlab/2011a/bin/glnxa64/libmwuinone.so
7f8c7f985000-7f8c7f986000 rw-p 00005000 08:03 18747352                   /nerc/packages/matlab/2011a/bin/glnxa64/libmwuinone.so
7f8c7f986000-7f8c7fa1d000 r-xp 00000000 08:03 18747357                   /nerc/packages/matlab/2011a/bin/glnxa64/libmwudd_mi.so
7f8c7fa1d000-7f8c7fc1c000 ---p 00097000 08:03 18747357                   /nerc/packages/matlab/2011a/bin/glnxa64/libmwudd_mi.so
7f8c7fc1c000-7f8c7fc28000 rw-p 00096000 08:03 18747357                   /nerc/packages/matlab/2011a/bin/glnxa64/libmwudd_mi.so
7f8c7fc28000-7f8c7fc29000 rw-p 00000000 00:00 0 
7f8c7fc29000-7f8c7fc6d000 r-xp 00000000 08:03 18747315                   /nerc/packages/matlab/2011a/bin/glnxa64/libuij.so
7f8c7fc6d000-7f8c7fe6c000 ---p 00044000 08:03 18747315                   /nerc/packages/matlab/2011a/bin/glnxa64/libuij.so
7f8c7fe6c000-7f8c7fe6f000 rw-p 00043000 08:03 18747315                   /nerc/packages/matlab/2011a/bin/glnxa64/libuij.so
7f8c7fe6f000-7f8c7fe70000 rw-p 00000000 00:00 0 
7f8c7fe70000-7f8c7ff1d000 r-xp 00000000 08:03 18747330                   /nerc/packages/matlab/2011a/bin/glnxa64/libmwhgutils.so
7f8c7ff1d000-7f8c8011c000 ---p 000ad000 08:03 18747330                   /nerc/packages/matlab/2011a/bin/glnxa64/libmwhgutils.so
7f8c8011c000-7f8c8012a000 rw-p 000ac000 08:03 18747330                   /nerc/packages/matlab/2011a/bin/glnxa64/libmwhgutils.so
7f8c8012a000-7f8c8095c000 r-xp 00000000 08:03 18747272                   /nerc/packages/matlab/2011a/bin/glnxa64/libmwhg.so
7f8c8095c000-7f8c80b5b000 ---p 00832000 08:03 18747272                   /nerc/packages/matlab/2011a/bin/glnxa64/libmwhg.so
7f8c80b5b000-7f8c80c34000 rw-p 00831000 08:03 18747272                   /nerc/packages/matlab/2011a/bin/glnxa64/libmwhg.so
7f8c80c34000-7f8c80c41000 rw-p 00000000 00:00 0 
7f8c80c41000-7f8c80d45000 r-xp 00000000 08:03 18747296                   /nerc/packages/matlab/2011a/bin/glnxa64/libmwgui.so
7f8c80d45000-7f8c80f45000 ---p 00104000 08:03 18747296                   /nerc/packages/matlab/2011a/bin/glnxa64/libmwgui.so
7f8c80f45000-7f8c80f81000 rw-p 00104000 08:03 18747296                   /nerc/packages/matlab/2011a/bin/glnxa64/libmwgui.so
7f8c80f81000-7f8c80f82000 rw-p 00000000 00:00 0 
7f8c80f82000-7f8c811b8000 r-xp 00000000 08:03 18747331                   /nerc/packages/matlab/2011a/bin/glnxa64/libmwmcos.so
7f8c811b8000-7f8c813b7000 ---p 00236000 08:03 18747331                   /nerc/packages/matlab/2011a/bin/glnxa64/libmwmcos.so
7f8c813b7000-7f8c813df000 rw-p 00235000 08:03 18747331                   /nerc/packages/matlab/2011a/bin/glnxa64/libmwmcos.so
7f8c813df000-7f8c813e6000 r-xp 00000000 08:03 18747309                   /nerc/packages/matlab/2011a/bin/glnxa64/libmwmtok.so
7f8c813e6000-7f8c815e6000 ---p 00007000 08:03 18747309                   /nerc/packages/matlab/2011a/bin/glnxa64/libmwmtok.so
7f8c815e6000-7f8c815e7000 rw-p 00007000 08:03 18747309                   /nerc/packages/matlab/2011a/bin/glnxa64/libmwmtok.so
7f8c815e7000-7f8c81660000 r-xp 00000000 08:03 18747278                   /nerc/packages/matlab/2011a/bin/glnxa64/libmwmlint.so
7f8c81660000-7f8c8185f000 ---p 00079000 08:03 18747278                   /nerc/packages/matlab/2011a/bin/glnxa64/libmwmlint.so
7f8c8185f000-7f8c81867000 rw-p 00078000 08:03 18747278                   /nerc/packages/matlab/2011a/bin/glnxa64/libmwmlint.so
7f8c81867000-7f8c81868000 rw-p 00000000 00:00 0 
7f8c81868000-7f8c81931000 r-xp 00000000 08:03 18747294                   /nerc/packages/matlab/2011a/bin/glnxa64/libmwudd.so
7f8c81931000-7f8c81b31000 ---p 000c9000 08:03 18747294                   /nerc/packages/matlab/2011a/bin/glnxa64/libmwudd.so
7f8c81b31000-7f8c81b48000 rw-p 000c9000 08:03 18747294                   /nerc/packages/matlab/2011a/bin/glnxa64/libmwudd.so
7f8c81b48000-7f8c81b4a000 rw-p 00000000 00:00 0 
7f8c81b4a000-7f8c81da7000 r-xp 00000000 08:03 18747299                   /nerc/packages/matlab/2011a/bin/glnxa64/libmwm_parser.so
7f8c81da7000-7f8c81fa7000 ---p 0025d000 08:03 18747299                   /nerc/packages/matlab/2011a/bin/glnxa64/libmwm_parser.so
7f8c81fa7000-7f8c8243c000 rw-p 0025d000 08:03 18747299                   /nerc/packages/matlab/2011a/bin/glnxa64/libmwm_parser.so
7f8c8243c000-7f8c8243d000 rw-p 00000000 00:00 0 
7f8c8243d000-7f8c8244d000 r-xp 00000000 08:03 18747341                   /nerc/packages/matlab/2011a/bin/glnxa64/libmex.so
7f8c8244d000-7f8c8264c000 ---p 00010000 08:03 18747341                   /nerc/packages/matlab/2011a/bin/glnxa64/libmex.so
7f8c8264c000-7f8c8264e000 rw-p 0000f000 08:03 18747341                   /nerc/packages/matlab/2011a/bin/glnxa64/libmex.so
7f8c8264e000-7f8c8264f000 r-xp 00000000 08:03 18747400                   /nerc/packages/matlab/2011a/bin/glnxa64/libmwnativejava_services.so
7f8c8264f000-7f8c8284f000 ---p 00001000 08:03 18747400                   /nerc/packages/matlab/2011a/bin/glnxa64/libmwnativejava_services.so
7f8c8284f000-7f8c82850000 rw-p 00001000 08:03 18747400                   /nerc/packages/matlab/2011a/bin/glnxa64/libmwnativejava_services.so
7f8c82850000-7f8c82851000 rw-p 00000000 00:00 0 
7f8c82851000-7f8c828ee000 r-xp 00000000 08:03 18747276                   /nerc/packages/matlab/2011a/bin/glnxa64/libmwiqm.so
7f8c828ee000-7f8c82aee000 ---p 0009d000 08:03 18747276                   /nerc/packages/matlab/2011a/bin/glnxa64/libmwiqm.so
7f8c82aee000-7f8c82af4000 rw-p 0009d000 08:03 18747276                   /nerc/packages/matlab/2011a/bin/glnxa64/libmwiqm.so
7f8c82af4000-7f8c82af6000 rw-p 00000000 00:00 0 
7f8c82af6000-7f8c82b63000 r-xp 00000000 08:03 18747384                   /nerc/packages/matlab/2011a/bin/glnxa64/libboost_serialization.so.1.40.0
7f8c82b63000-7f8c82d63000 ---p 0006d000 08:03 18747384                   /nerc/packages/matlab/2011a/bin/glnxa64/libboost_serialization.so.1.40.0
7f8c82d63000-7f8c82d67000 rw-p 0006d000 08:03 18747384                   /nerc/packages/matlab/2011a/bin/glnxa64/libboost_serialization.so.1.40.0
7f8c82d67000-7f8c82e05000 r-xp 00000000 08:03 18747293                   /nerc/packages/matlab/2011a/bin/glnxa64/libmwmathutil.so
7f8c82e05000-7f8c83005000 ---p 0009e000 08:03 18747293                   /nerc/packages/matlab/2011a/bin/glnxa64/libmwmathutil.so
7f8c83005000-7f8c83006000 rw-p 0009e000 08:03 18747293                   /nerc/packages/matlab/2011a/bin/glnxa64/libmwmathutil.so
7f8c83006000-7f8c83007000 rw-p 00000000 00:00 0 
7f8c83007000-7f8c831c9000 r-xp 00000000 08:03 18747283                   /nerc/packages/matlab/2011a/bin/glnxa64/libmwmlutil.so
7f8c831c9000-7f8c833c8000 ---p 001c2000 08:03 18747283                   /nerc/packages/matlab/2011a/bin/glnxa64/libmwmlutil.so
7f8c833c8000-7f8c833d6000 rw-p 001c1000 08:03 18747283                   /nerc/packages/matlab/2011a/bin/glnxa64/libmwmlutil.so
7f8c833d6000-7f8c833e0000 rw-p 00000000 00:00 0 
7f8c833e0000-7f8c833f5000 r-xp 00000000 08:03 18747380                   /nerc/packages/matlab/2011a/bin/glnxa64/libboost_signals.so.1.40.0
7f8c833f5000-7f8c835f5000 ---p 00015000 08:03 18747380                   /nerc/packages/matlab/2011a/bin/glnxa64/libboost_signals.so.1.40.0
7f8c835f5000-7f8c835f6000 rw-p 00015000 08:03 18747380                   /nerc/packages/matlab/2011a/bin/glnxa64/libboost_signals.so.1.40.0
7f8c835f6000-7f8c835f7000 rw-p 00000000 00:00 0 
7f8c835f7000-7f8c836c4000 r-xp 00000000 08:03 18747379                   /nerc/packages/matlab/2011a/bin/glnxa64/libboost_regex.so.1.40.0
7f8c836c4000-7f8c838c4000 ---p 000cd000 08:03 18747379                   /nerc/packages/matlab/2011a/bin/glnxa64/libboost_regex.so.1.40.0
7f8c838c4000-7f8c838ca000 rw-p 000cd000 08:03 18747379                   /nerc/packages/matlab/2011a/bin/glnxa64/libboost_regex.so.1.40.0
7f8c838ca000-7f8c838dd000 r-xp 00000000 08:03 18747397                   /nerc/packages/matlab/2011a/bin/glnxa64/libboost_filesystem.so.1.40.0
7f8c838dd000-7f8c83add000 ---p 00013000 08:03 18747397                   /nerc/packages/matlab/2011a/bin/glnxa64/libboost_filesystem.so.1.40.0
7f8c83add000-7f8c83ade000 rw-p 00013000 08:03 18747397                   /nerc/packages/matlab/2011a/bin/glnxa64/libboost_filesystem.so.1.40.0
7f8c83ade000-7f8c83adf000 rw-p 00000000 00:00 0 
7f8c83adf000-7f8c83b90000 r-xp 00000000 08:03 18747162                   /nerc/packages/matlab/2011a/bin/glnxa64/libmwMATLAB_res.so
7f8c83b90000-7f8c83d90000 ---p 000b1000 08:03 18747162                   /nerc/packages/matlab/2011a/bin/glnxa64/libmwMATLAB_res.so
7f8c83d90000-7f8c83d91000 rw-p 000b1000 08:03 18747162                   /nerc/packages/matlab/2011a/bin/glnxa64/libmwMATLAB_res.so
7f8c83d91000-7f8c83d93000 rw-p 00000000 00:00 0 
7f8c83d93000-7f8c83d95000 r-xp 00000000 08:03 18747170                   /nerc/packages/matlab/2011a/bin/glnxa64/libmwresource_core.so
7f8c83d95000-7f8c83f94000 ---p 00002000 08:03 18747170                   /nerc/packages/matlab/2011a/bin/glnxa64/libmwresource_core.so
7f8c83f94000-7f8c83f95000 rw-p 00001000 08:03 18747170                   /nerc/packages/matlab/2011a/bin/glnxa64/libmwresource_core.so
7f8c83f95000-7f8c83f96000 rw-p 00000000 00:00 0 
7f8c83f96000-7f8c83fb0000 r-xp 00000000 08:03 18747377                   /nerc/packages/matlab/2011a/bin/glnxa64/libtbbmalloc.so.2
7f8c83fb0000-7f8c840af000 ---p 0001a000 08:03 18747377                   /nerc/packages/matlab/2011a/bin/glnxa64/libtbbmalloc.so.2
7f8c840af000-7f8c840b2000 rw-p 00019000 08:03 18747377                   /nerc/packages/matlab/2011a/bin/glnxa64/libtbbmalloc.so.2
7f8c840b2000-7f8c840bf000 rw-p 00000000 00:00 0 
7f8c840bf000-7f8c840f9000 r-xp 00000000 08:03 18747376                   /nerc/packages/matlab/2011a/bin/glnxa64/libtbb.so.2
7f8c840f9000-7f8c841f9000 ---p 0003a000 08:03 18747376                   /nerc/packages/matlab/2011a/bin/glnxa64/libtbb.so.2
7f8c841f9000-7f8c841fd000 rw-p 0003a000 08:03 18747376                   /nerc/packages/matlab/2011a/bin/glnxa64/libtbb.so.2
7f8c841fd000-7f8c841ff000 rw-p 00000000 00:00 0 
7f8c841ff000-7f8c8420a000 r-xp 00000000 08:03 18747196                   /nerc/packages/matlab/2011a/bin/glnxa64/libicuio.so.42.1
7f8c8420a000-7f8c84409000 ---p 0000b000 08:03 18747196                   /nerc/packages/matlab/2011a/bin/glnxa64/libicuio.so.42.1
7f8c84409000-7f8c8440b000 rw-p 0000a000 08:03 18747196                   /nerc/packages/matlab/2011a/bin/glnxa64/libicuio.so.42.1
7f8c8440b000-7f8c845a1000 r-xp 00000000 08:03 18747201                   /nerc/packages/matlab/2011a/bin/glnxa64/libicui18n.so.42.1
7f8c845a1000-7f8c847a0000 ---p 00196000 08:03 18747201                   /nerc/packages/matlab/2011a/bin/glnxa64/libicui18n.so.42.1
7f8c847a0000-7f8c847ae000 rw-p 00195000 08:03 18747201                   /nerc/packages/matlab/2011a/bin/glnxa64/libicui18n.so.42.1
7f8c847ae000-7f8c848fb000 r-xp 00000000 08:03 18747198                   /nerc/packages/matlab/2011a/bin/glnxa64/libicuuc.so.42.1
7f8c848fb000-7f8c84afa000 ---p 0014d000 08:03 18747198                   /nerc/packages/matlab/2011a/bin/glnxa64/libicuuc.so.42.1
7f8c84afa000-7f8c84b0b000 rw-p 0014c000 08:03 18747198                   /nerc/packages/matlab/2011a/bin/glnxa64/libicuuc.so.42.1
7f8c84b0b000-7f8c84b0e000 rw-p 00000000 00:00 0 
7f8c84b0e000-7f8c85a53000 r--p 00000000 08:03 18747200                   /nerc/packages/matlab/2011a/bin/glnxa64/libicudata.so.42.1
7f8c85a53000-7f8c85c52000 ---p 00f45000 08:03 18747200                   /nerc/packages/matlab/2011a/bin/glnxa64/libicudata.so.42.1
7f8c85c52000-7f8c85c53000 rw-p 00f44000 08:03 18747200                   /nerc/packages/matlab/2011a/bin/glnxa64/libicudata.so.42.1
7f8c85c53000-7f8c85c79000 r-xp 00000000 08:03 18747363                   /nerc/packages/matlab/2011a/bin/glnxa64/libexpat.so.1.5.0
7f8c85c79000-7f8c85e78000 ---p 00026000 08:03 18747363                   /nerc/packages/matlab/2011a/bin/glnxa64/libexpat.so.1.5.0
7f8c85e78000-7f8c85e7b000 rw-p 00025000 08:03 18747363                   /nerc/packages/matlab/2011a/bin/glnxa64/libexpat.so.1.5.0
7f8c85e7b000-7f8c85e8f000 r-xp 00000000 08:03 18747388                   /nerc/packages/matlab/2011a/bin/glnxa64/libboost_thread.so.1.40.0
7f8c85e8f000-7f8c8608e000 ---p 00014000 08:03 18747388                   /nerc/packages/matlab/2011a/bin/glnxa64/libboost_thread.so.1.40.0
7f8c8608e000-7f8c86090000 rw-p 00013000 08:03 18747388                   /nerc/packages/matlab/2011a/bin/glnxa64/libboost_thread.so.1.40.0
7f8c86090000-7f8c86091000 rw-p 00000000 00:00 0 
7f8c86091000-7f8c86094000 r-xp 00000000 08:03 18747390                   /nerc/packages/matlab/2011a/bin/glnxa64/libboost_system.so.1.40.0
7f8c86094000-7f8c86293000 ---p 00003000 08:03 18747390                   /nerc/packages/matlab/2011a/bin/glnxa64/libboost_system.so.1.40.0
7f8c86293000-7f8c86294000 rw-p 00002000 08:03 18747390                   /nerc/packages/matlab/2011a/bin/glnxa64/libboost_system.so.1.40.0
7f8c86294000-7f8c862a6000 r-xp 00000000 08:03 18747391                   /nerc/packages/matlab/2011a/bin/glnxa64/libboost_date_time.so.1.40.0
7f8c862a6000-7f8c864a5000 ---p 00012000 08:03 18747391                   /nerc/packages/matlab/2011a/bin/glnxa64/libboost_date_time.so.1.40.0
7f8c864a5000-7f8c864a7000 rw-p 00011000 08:03 18747391                   /nerc/packages/matlab/2011a/bin/glnxa64/libboost_date_time.so.1.40.0
7f8c864a7000-7f8c864a8000 rw-p 00000000 00:00 0 
7f8c864a8000-7f8c864f7000 r-xp 00000000 08:03 18747168                   /nerc/packages/matlab/2011a/bin/glnxa64/libmwi18n.so
7f8c864f7000-7f8c866f6000 ---p 0004f000 08:03 18747168                   /nerc/packages/matlab/2011a/bin/glnxa64/libmwi18n.so
7f8c866f6000-7f8c866fa000 rw-p 0004e000 08:03 18747168                   /nerc/packages/matlab/2011a/bin/glnxa64/libmwi18n.so
7f8c866fa000-7f8c866fc000 rw-p 00000000 00:00 0 
7f8c866fc000-7f8c86712000 r-xp 00000000 08:03 21631260                   /nerc/packages/matlab/2011a/sys/os/glnxa64/libgcc_s.so.1
7f8c86712000-7f8c86911000 ---p 00016000 08:03 21631260                   /nerc/packages/matlab/2011a/sys/os/glnxa64/libgcc_s.so.1
7f8c86911000-7f8c86912000 rw-p 00015000 08:03 21631260                   /nerc/packages/matlab/2011a/sys/os/glnxa64/libgcc_s.so.1
7f8c86925000-7f8c8692d000 rw-s 00000000 08:06 2359310                    /tmp/hsperfdata_pstar/23145
7f8c8692d000-7f8c8692e000 rw-p 00000000 00:00 0 
7f8c8692e000-7f8c8692f000 r--p 00000000 00:00 0 
7f8c8692f000-7f8c86930000 rw-s 00000000 00:04 3276815                    /SYSV000c95e8 (deleted)
7f8c86930000-7f8c86a1a000 r-xp 00000000 08:03 21631268                   /nerc/packages/matlab/2011a/sys/os/glnxa64/libstdc++.so.6.0.10
7f8c86a1a000-7f8c86c1a000 ---p 000ea000 08:03 21631268                   /nerc/packages/matlab/2011a/sys/os/glnxa64/libstdc++.so.6.0.10
7f8c86c1a000-7f8c86c21000 r--p 000ea000 08:03 21631268                   /nerc/packages/matlab/2011a/sys/os/glnxa64/libstdc++.so.6.0.10
7f8c86c21000-7f8c86c23000 rw-p 000f1000 08:03 21631268                   /nerc/packages/matlab/2011a/sys/os/glnxa64/libstdc++.so.6.0.10
7f8c86c23000-7f8c86c37000 rw-p 00000000 00:00 0 
7f8c86c37000-7f8c870d7000 r-xp 00000000 08:03 18747345                   /nerc/packages/matlab/2011a/bin/glnxa64/libmwm_interpreter.so
7f8c870d7000-7f8c872d6000 ---p 004a0000 08:03 18747345                   /nerc/packages/matlab/2011a/bin/glnxa64/libmwm_interpreter.so
7f8c872d6000-7f8c873ad000 rw-p 0049f000 08:03 18747345                   /nerc/packages/matlab/2011a/bin/glnxa64/libmwm_interpreter.so
7f8c873ad000-7f8c87447000 rw-p 00000000 00:00 0 
7f8c87447000-7f8c874c5000 r-xp 00000000 08:03 18747342                   /nerc/packages/matlab/2011a/bin/glnxa64/libmwm_dispatcher.so
7f8c874c5000-7f8c876c5000 ---p 0007e000 08:03 18747342                   /nerc/packages/matlab/2011a/bin/glnxa64/libmwm_dispatcher.so
7f8c876c5000-7f8c876cb000 rw-p 0007e000 08:03 18747342                   /nerc/packages/matlab/2011a/bin/glnxa64/libmwm_dispatcher.so
7f8c876cb000-7f8c8774d000 r-xp 00000000 08:03 18747285                   /nerc/packages/matlab/2011a/bin/glnxa64/libmwmcr.so
7f8c8774d000-7f8c8794c000 ---p 00082000 08:03 18747285                   /nerc/packages/matlab/2011a/bin/glnxa64/libmwmcr.so
7f8c8794c000-7f8c87953000 rw-p 00081000 08:03 18747285                   /nerc/packages/matlab/2011a/bin/glnxa64/libmwmcr.so
7f8c87953000-7f8c87957000 rw-p 00000000 00:00 0 
7f8c87957000-7f8c8797d000 r-xp 00000000 08:03 18747295                   /nerc/packages/matlab/2011a/bin/glnxa64/libmwbridge.so
7f8c8797d000-7f8c87b7d000 ---p 00026000 08:03 18747295                   /nerc/packages/matlab/2011a/bin/glnxa64/libmwbridge.so
7f8c87b7d000-7f8c87b80000 rw-p 00026000 08:03 18747295                   /nerc/packages/matlab/2011a/bin/glnxa64/libmwbridge.so
7f8c87b80000-7f8c87b86000 rw-p 00000000 00:00 0 
7f8c87b86000-7f8c87be4000 r-xp 00000000 08:03 18747277                   /nerc/packages/matlab/2011a/bin/glnxa64/libmwjmi.so
7f8c87be4000-7f8c87de4000 ---p 0005e000 08:03 18747277                   /nerc/packages/matlab/2011a/bin/glnxa64/libmwjmi.so
7f8c87de4000-7f8c87de8000 rw-p 0005e000 08:03 18747277                   /nerc/packages/matlab/2011a/bin/glnxa64/libmwjmi.so
7f8c87de8000-7f8c87de9000 rw-p 00000000 00:00 0 
7f8c87de9000-7f8c87fb0000 r-xp 00000000 08:03 18747333                   /nerc/packages/matlab/2011a/bin/glnxa64/libmwservices.so
7f8c87fb0000-7f8c881af000 ---p 001c7000 08:03 18747333                   /nerc/packages/matlab/2011a/bin/glnxa64/libmwservices.so
7f8c881af000-7f8c881bf000 rw-p 001c6000 08:03 18747333                   /nerc/packages/matlab/2011a/bin/glnxa64/libmwservices.so
7f8c881bf000-7f8c881d0000 rw-p 00000000 00:00 0 
7f8c881d0000-7f8c88208000 r-xp 00000000 08:03 18747281                   /nerc/packages/matlab/2011a/bin/glnxa64/libmwmpath.so
7f8c88208000-7f8c88408000 ---p 00038000 08:03 18747281                   /nerc/packages/matlab/2011a/bin/glnxa64/libmwmpath.so
7f8c88408000-7f8c8840b000 rw-p 00038000 08:03 18747281                   /nerc/packages/matlab/2011a/bin/glnxa64/libmwmpath.so
7f8c8840b000-7f8c8840d000 rw-p 00000000 00:00 0 
7f8c8840d000-7f8c88491000 r-xp 00000000 08:03 18747164                   /nerc/packages/matlab/2011a/bin/glnxa64/libmx.so
7f8c88491000-7f8c88690000 ---p 00084000 08:03 18747164                   /nerc/packages/matlab/2011a/bin/glnxa64/libmx.so
7f8c88690000-7f8c88694000 rw-p 00083000 08:03 18747164                   /nerc/packages/matlab/2011a/bin/glnxa64/libmx.so
7f8c88694000-7f8c88728000 r-xp 00000000 08:03 18747169                   /nerc/packages/matlab/2011a/bin/glnxa64/libmwfl.so
7f8c88728000-7f8c88928000 ---p 00094000 08:03 18747169                   /nerc/packages/matlab/2011a/bin/glnxa64/libmwfl.so
7f8c88928000-7f8c8892f000 rw-p 00094000 08:03 18747169                   /nerc/packages/matlab/2011a/bin/glnxa64/libmwfl.so
7f8c8892f000-7f8c8893f000 rw-p 00000000 00:00 0 
7f8c8893f000-7f8c88a15000 r-xp 00000000 08:03 18747163                   /nerc/packages/matlab/2011a/bin/glnxa64/libut.so
7f8c88a15000-7f8c88c15000 ---p 000d6000 08:03 18747163                   /nerc/packages/matlab/2011a/bin/glnxa64/libut.so
7f8c88c15000-7f8c88c21000 rw-p 000d6000 08:03 18747163                   /nerc/packages/matlab/2011a/bin/glnxa64/libut.so
7f8c88c21000-7f8c88c37000 rw-p 00000000 00:00 0 
7ffd9c845000-7ffd9c85a000 rwxp 00000000 00:00 0                          [stack]
7ffd9c85a000-7ffd9c85b000 rw-p 00000000 00:00 0 
7ffd9c8b9000-7ffd9c8ba000 r-xp 00000000 00:00 0                          [vdso]
ffffffffff600000-ffffffffff601000 r-xp 00000000 00:00 0                  [vsyscall]

VM Arguments:
jvm_args: -Xms64m -XX:NewRatio=3 -XX:MaxPermSize=128m -Xmx196m -XX:MaxDirectMemorySize=2147400000 -Djava.util.prefs.PreferencesFactory=com.mathworks.util.DisabledPreferencesFactory -XX:+AllowUserSignalHandlers -Xrs -Dsun.awt.disableMixing=true -Djava.library.path=/nerc/packages/matlab/2011a/bin/glnxa64 vfprintf abort -Djava.awt.headless=true -Dfile.encoding=ISO-8859-1 
java_command: <unknown>
Launcher Type: generic

Environment Variables:
PATH=.:/local/users/pstar/cruise/sw/python:/local/users/pstar/cruise/sw/uh_adcp/programs/pycurrents/data/nmea:/local/users/pstar/cruise/sw/uh_adcp/programs/pycurrents/adcp:/local/users/pstar/cruise/sw/uh_adcp/programs/codas3/bin/lnx64:/local/users/pstar/cruise/sw/ladcp/ix/geomag:/local/users/pstar/cruise/data/exec:/local/users/pstar/cruise/data/exec/commands:/local/users/pstar/cruise/data/exec/jcr:/sbin:/usr/lib64/qt-3.3/bin:/usr/local/bin:/bin:/usr/bin:/usr/X11R6/bin:/local/users/pstar/exec:/nerc/bin:/nerc/etc:/nerc/packages/local/bin:/nerc/packages/utilities/bin
LD_LIBRARY_PATH=/nerc/packages/matlab/2011a/sys/os/glnxa64:/nerc/packages/matlab/2011a/bin/glnxa64:/nerc/packages/matlab/2011a/extern/lib/glnxa64:/nerc/packages/matlab/2011a/sys/java/jre/glnxa64/jre/lib/amd64/native_threads:/nerc/packages/matlab/2011a/sys/java/jre/glnxa64/jre/lib/amd64/server:/nerc/packages/matlab/2011a/sys/java/jre/glnxa64/jre/lib/amd64
SHELL=/bin/tcsh
DISPLAY=localhost:13.0
HOSTTYPE=x86_64-linux
OSTYPE=linux
ARCH=glnxa64
MACHTYPE=x86_64

Signal Handlers:
SIGSEGV: [libjvm.so+0x6bddc0], sa_mask[0]=0x7ffbfeff, sa_flags=0x10000004
SIGBUS: [libjvm.so+0x6bddc0], sa_mask[0]=0x7ffbfeff, sa_flags=0x10000004
SIGFPE: [libjvm.so+0x594f90], sa_mask[0]=0x7ffbfeff, sa_flags=0x10000004
SIGPIPE: [libjvm.so+0x594f90], sa_mask[0]=0x7ffbfeff, sa_flags=0x10000004
SIGXFSZ: [libjvm.so+0x594f90], sa_mask[0]=0x7ffbfeff, sa_flags=0x10000004
SIGILL: [libjvm.so+0x594f90], sa_mask[0]=0x7ffbfeff, sa_flags=0x10000004
SIGUSR1: SIG_DFL, sa_mask[0]=0x00000000, sa_flags=0x00000000
SIGUSR2: [libjvm.so+0x597750], sa_mask[0]=0x08080002, sa_flags=0x10000004
SIGHUP: SIG_DFL, sa_mask[0]=0x00000000, sa_flags=0x00000000
SIGINT: SIG_DFL, sa_mask[0]=0x00000000, sa_flags=0x00000000
SIGTERM: SIG_DFL, sa_mask[0]=0x00000000, sa_flags=0x00000000
SIGQUIT: [libmwmcr.so+0x66470], sa_mask[0]=0x08080002, sa_flags=0x00000004


---------------  S Y S T E M  ---------------

OS:CentOS release 6.7 (Final)

uname:Linux 2.6.32-573.7.1.el6.x86_64 #1 SMP Tue Sep 22 22:00:00 UTC 2015 x86_64
libc:glibc 2.12 NPTL 2.12 
rlimit: STACK 10240k, CORE 0k, NPROC 1024, NOFILE 4096, AS infinity
load average:4.66 3.45 1.92

CPU:total 24 (16 cores per cpu, 2 threads per core) family 6 model 62 stepping 4, cmov, cx8, fxsr, mmx, sse, sse2, sse3, ssse3, sse4.1, sse4.2, ht

Memory: 4k page, physical 65945032k(872492k free), swap 100663292k(100310208k free)

vm_info: Java HotSpot(TM) 64-Bit Server VM (14.3-b01) for linux-amd64 JRE (1.6.0_17-b04), built on Oct 11 2009 01:08:48 by "java_re" with gcc 3.2.2 (SuSE Linux)

time: Fri Mar 30 12:39:00 2018
elapsed time: 0 seconds

